[0.097s] DEBUG:colcon:Command line arguments: ['/usr/bin/colcon', 'build']
[0.097s] DEBUG:colcon:Parsed command line arguments: Namespace(log_base=None, log_level=None, verb_name='build', build_base='build', install_base='install', merge_install=False, symlink_install=False, test_result_base=None, continue_on_error=False, executor='parallel', parallel_workers=16, event_handlers=None, ignore_user_meta=False, metas=['./colcon.meta'], base_paths=['.'], packages_ignore=None, packages_ignore_regex=None, paths=None, packages_up_to=None, packages_up_to_regex=None, packages_above=None, packages_above_and_dependencies=None, packages_above_depth=None, packages_select_by_dep=None, packages_skip_by_dep=None, packages_skip_up_to=None, packages_select_build_failed=False, packages_skip_build_finished=False, packages_select_test_failures=False, packages_skip_test_passed=False, packages_select=None, packages_skip=None, packages_select_regex=None, packages_skip_regex=None, packages_start=None, packages_end=None, allow_overriding=[], cmake_args=None, cmake_target=None, cmake_target_skip_unavailable=False, cmake_clean_cache=False, cmake_clean_first=False, cmake_force_configure=False, ament_cmake_args=None, catkin_cmake_args=None, catkin_skip_building_tests=False, mixin_files=None, mixin=None, verb_parser=<colcon_mixin.mixin.mixin_argument.MixinArgumentDecorator object at 0x7de927690e50>, verb_extension=<colcon_core.verb.build.BuildVerb object at 0x7de927690130>, main=<bound method BuildVerb.main of <colcon_core.verb.build.BuildVerb object at 0x7de927690130>>, mixin_verb=('build',))
[0.234s] Level 1:colcon.colcon_core.package_discovery:discover_packages(colcon_meta) check parameters
[0.234s] Level 1:colcon.colcon_core.package_discovery:discover_packages(recursive) check parameters
[0.234s] Level 1:colcon.colcon_core.package_discovery:discover_packages(ignore) check parameters
[0.234s] Level 1:colcon.colcon_core.package_discovery:discover_packages(path) check parameters
[0.234s] Level 1:colcon.colcon_core.package_discovery:discover_packages(colcon_meta) discover
[0.234s] Level 1:colcon.colcon_core.package_discovery:discover_packages(recursive) discover
[0.234s] INFO:colcon.colcon_core.package_discovery:Crawling recursively for packages in '/home/tom/puzzlebot_ws'
[0.234s] Level 1:colcon.colcon_core.package_identification:_identify(.) by extensions ['ignore', 'ignore_ament_install']
[0.234s] Level 1:colcon.colcon_core.package_identification:_identify(.) by extension 'ignore'
[0.234s] Level 1:colcon.colcon_core.package_identification:_identify(.) by extension 'ignore_ament_install'
[0.234s] Level 1:colcon.colcon_core.package_identification:_identify(.) by extensions ['colcon_pkg']
[0.234s] Level 1:colcon.colcon_core.package_identification:_identify(.) by extension 'colcon_pkg'
[0.234s] Level 1:colcon.colcon_core.package_identification:_identify(.) by extensions ['colcon_meta']
[0.234s] Level 1:colcon.colcon_core.package_identification:_identify(.) by extension 'colcon_meta'
[0.234s] Level 1:colcon.colcon_core.package_identification:_identify(.) by extensions ['ros']
[0.234s] Level 1:colcon.colcon_core.package_identification:_identify(.) by extension 'ros'
[0.241s] Level 1:colcon.colcon_core.package_identification:_identify(.) by extensions ['cmake', 'python']
[0.241s] Level 1:colcon.colcon_core.package_identification:_identify(.) by extension 'cmake'
[0.241s] Level 1:colcon.colcon_core.package_identification:_identify(.) by extension 'python'
[0.241s] Level 1:colcon.colcon_core.package_identification:_identify(.) by extensions ['python_setup_py']
[0.241s] Level 1:colcon.colcon_core.package_identification:_identify(.) by extension 'python_setup_py'
[0.241s] Level 1:colcon.colcon_core.package_identification:_identify(build) by extensions ['ignore', 'ignore_ament_install']
[0.242s] Level 1:colcon.colcon_core.package_identification:_identify(build) by extension 'ignore'
[0.242s] Level 1:colcon.colcon_core.package_identification:_identify(build) ignored
[0.242s] Level 1:colcon.colcon_core.package_identification:_identify(install) by extensions ['ignore', 'ignore_ament_install']
[0.242s] Level 1:colcon.colcon_core.package_identification:_identify(install) by extension 'ignore'
[0.242s] Level 1:colcon.colcon_core.package_identification:_identify(install) ignored
[0.242s] Level 1:colcon.colcon_core.package_identification:_identify(log) by extensions ['ignore', 'ignore_ament_install']
[0.242s] Level 1:colcon.colcon_core.package_identification:_identify(log) by extension 'ignore'
[0.242s] Level 1:colcon.colcon_core.package_identification:_identify(log) ignored
[0.242s] Level 1:colcon.colcon_core.package_identification:_identify(src) by extensions ['ignore', 'ignore_ament_install']
[0.242s] Level 1:colcon.colcon_core.package_identification:_identify(src) by extension 'ignore'
[0.242s] Level 1:colcon.colcon_core.package_identification:_identify(src) by extension 'ignore_ament_install'
[0.242s] Level 1:colcon.colcon_core.package_identification:_identify(src) by extensions ['colcon_pkg']
[0.242s] Level 1:colcon.colcon_core.package_identification:_identify(src) by extension 'colcon_pkg'
[0.242s] Level 1:colcon.colcon_core.package_identification:_identify(src) by extensions ['colcon_meta']
[0.242s] Level 1:colcon.colcon_core.package_identification:_identify(src) by extension 'colcon_meta'
[0.242s] Level 1:colcon.colcon_core.package_identification:_identify(src) by extensions ['ros']
[0.242s] Level 1:colcon.colcon_core.package_identification:_identify(src) by extension 'ros'
[0.242s] Level 1:colcon.colcon_core.package_identification:_identify(src) by extensions ['cmake', 'python']
[0.242s] Level 1:colcon.colcon_core.package_identification:_identify(src) by extension 'cmake'
[0.242s] Level 1:colcon.colcon_core.package_identification:_identify(src) by extension 'python'
[0.242s] Level 1:colcon.colcon_core.package_identification:_identify(src) by extensions ['python_setup_py']
[0.242s] Level 1:colcon.colcon_core.package_identification:_identify(src) by extension 'python_setup_py'
[0.242s] Level 1:colcon.colcon_core.package_identification:_identify(src/puzzlebot_ros2) by extensions ['ignore', 'ignore_ament_install']
[0.242s] Level 1:colcon.colcon_core.package_identification:_identify(src/puzzlebot_ros2) by extension 'ignore'
[0.242s] Level 1:colcon.colcon_core.package_identification:_identify(src/puzzlebot_ros2) by extension 'ignore_ament_install'
[0.242s] Level 1:colcon.colcon_core.package_identification:_identify(src/puzzlebot_ros2) by extensions ['colcon_pkg']
[0.242s] Level 1:colcon.colcon_core.package_identification:_identify(src/puzzlebot_ros2) by extension 'colcon_pkg'
[0.242s] Level 1:colcon.colcon_core.package_identification:_identify(src/puzzlebot_ros2) by extensions ['colcon_meta']
[0.242s] Level 1:colcon.colcon_core.package_identification:_identify(src/puzzlebot_ros2) by extension 'colcon_meta'
[0.242s] Level 1:colcon.colcon_core.package_identification:_identify(src/puzzlebot_ros2) by extensions ['ros']
[0.242s] Level 1:colcon.colcon_core.package_identification:_identify(src/puzzlebot_ros2) by extension 'ros'
[0.242s] Level 1:colcon.colcon_core.package_identification:_identify(src/puzzlebot_ros2) by extensions ['cmake', 'python']
[0.242s] Level 1:colcon.colcon_core.package_identification:_identify(src/puzzlebot_ros2) by extension 'cmake'
[0.243s] Level 1:colcon.colcon_core.package_identification:_identify(src/puzzlebot_ros2) by extension 'python'
[0.243s] Level 1:colcon.colcon_core.package_identification:_identify(src/puzzlebot_ros2) by extensions ['python_setup_py']
[0.243s] Level 1:colcon.colcon_core.package_identification:_identify(src/puzzlebot_ros2) by extension 'python_setup_py'
[0.243s] Level 1:colcon.colcon_core.package_identification:_identify(src/puzzlebot_ros2/puzzlebot_description) by extensions ['ignore', 'ignore_ament_install']
[0.243s] Level 1:colcon.colcon_core.package_identification:_identify(src/puzzlebot_ros2/puzzlebot_description) by extension 'ignore'
[0.243s] Level 1:colcon.colcon_core.package_identification:_identify(src/puzzlebot_ros2/puzzlebot_description) by extension 'ignore_ament_install'
[0.243s] Level 1:colcon.colcon_core.package_identification:_identify(src/puzzlebot_ros2/puzzlebot_description) by extensions ['colcon_pkg']
[0.243s] Level 1:colcon.colcon_core.package_identification:_identify(src/puzzlebot_ros2/puzzlebot_description) by extension 'colcon_pkg'
[0.243s] Level 1:colcon.colcon_core.package_identification:_identify(src/puzzlebot_ros2/puzzlebot_description) by extensions ['colcon_meta']
[0.243s] Level 1:colcon.colcon_core.package_identification:_identify(src/puzzlebot_ros2/puzzlebot_description) by extension 'colcon_meta'
[0.243s] Level 1:colcon.colcon_core.package_identification:_identify(src/puzzlebot_ros2/puzzlebot_description) by extensions ['ros']
[0.243s] Level 1:colcon.colcon_core.package_identification:_identify(src/puzzlebot_ros2/puzzlebot_description) by extension 'ros'
[0.246s] DEBUG:colcon.colcon_core.package_identification:Package 'src/puzzlebot_ros2/puzzlebot_description' with type 'ros.ament_cmake' and name 'puzzlebot_description'
[0.246s] Level 1:colcon.colcon_core.package_identification:_identify(src/puzzlebot_ros2/puzzlebot_gazebo) by extensions ['ignore', 'ignore_ament_install']
[0.246s] Level 1:colcon.colcon_core.package_identification:_identify(src/puzzlebot_ros2/puzzlebot_gazebo) by extension 'ignore'
[0.246s] Level 1:colcon.colcon_core.package_identification:_identify(src/puzzlebot_ros2/puzzlebot_gazebo) by extension 'ignore_ament_install'
[0.246s] Level 1:colcon.colcon_core.package_identification:_identify(src/puzzlebot_ros2/puzzlebot_gazebo) by extensions ['colcon_pkg']
[0.246s] Level 1:colcon.colcon_core.package_identification:_identify(src/puzzlebot_ros2/puzzlebot_gazebo) by extension 'colcon_pkg'
[0.246s] Level 1:colcon.colcon_core.package_identification:_identify(src/puzzlebot_ros2/puzzlebot_gazebo) by extensions ['colcon_meta']
[0.246s] Level 1:colcon.colcon_core.package_identification:_identify(src/puzzlebot_ros2/puzzlebot_gazebo) by extension 'colcon_meta'
[0.246s] Level 1:colcon.colcon_core.package_identification:_identify(src/puzzlebot_ros2/puzzlebot_gazebo) by extensions ['ros']
[0.246s] Level 1:colcon.colcon_core.package_identification:_identify(src/puzzlebot_ros2/puzzlebot_gazebo) by extension 'ros'
[0.247s] DEBUG:colcon.colcon_core.package_identification:Package 'src/puzzlebot_ros2/puzzlebot_gazebo' with type 'ros.ament_cmake' and name 'puzzlebot_gazebo'
[0.247s] Level 1:colcon.colcon_core.package_identification:_identify(src/puzzlebot_ros2/puzzlebot_navigation2) by extensions ['ignore', 'ignore_ament_install']
[0.247s] Level 1:colcon.colcon_core.package_identification:_identify(src/puzzlebot_ros2/puzzlebot_navigation2) by extension 'ignore'
[0.247s] Level 1:colcon.colcon_core.package_identification:_identify(src/puzzlebot_ros2/puzzlebot_navigation2) by extension 'ignore_ament_install'
[0.247s] Level 1:colcon.colcon_core.package_identification:_identify(src/puzzlebot_ros2/puzzlebot_navigation2) by extensions ['colcon_pkg']
[0.247s] Level 1:colcon.colcon_core.package_identification:_identify(src/puzzlebot_ros2/puzzlebot_navigation2) by extension 'colcon_pkg'
[0.247s] Level 1:colcon.colcon_core.package_identification:_identify(src/puzzlebot_ros2/puzzlebot_navigation2) by extensions ['colcon_meta']
[0.247s] Level 1:colcon.colcon_core.package_identification:_identify(src/puzzlebot_ros2/puzzlebot_navigation2) by extension 'colcon_meta'
[0.247s] Level 1:colcon.colcon_core.package_identification:_identify(src/puzzlebot_ros2/puzzlebot_navigation2) by extensions ['ros']
[0.247s] Level 1:colcon.colcon_core.package_identification:_identify(src/puzzlebot_ros2/puzzlebot_navigation2) by extension 'ros'
[0.247s] DEBUG:colcon.colcon_core.package_identification:Package 'src/puzzlebot_ros2/puzzlebot_navigation2' with type 'ros.ament_cmake' and name 'puzzlebot_navigation2'
[0.247s] Level 1:colcon.colcon_core.package_discovery:discover_packages(recursive) using defaults
[0.247s] Level 1:colcon.colcon_core.package_discovery:discover_packages(ignore) discover
[0.247s] Level 1:colcon.colcon_core.package_discovery:discover_packages(ignore) using defaults
[0.248s] Level 1:colcon.colcon_core.package_discovery:discover_packages(path) discover
[0.248s] Level 1:colcon.colcon_core.package_discovery:discover_packages(path) using defaults
[0.271s] Level 1:colcon.colcon_core.package_discovery:discover_packages(prefix_path) check parameters
[0.271s] Level 1:colcon.colcon_core.package_discovery:discover_packages(prefix_path) discover
[0.273s] DEBUG:colcon.colcon_installed_package_information.package_discovery:Found 3 installed packages in /home/tom/puzzlebot_ws/install
[0.273s] DEBUG:colcon.colcon_installed_package_information.package_discovery:Found 7 installed packages in /home/tom/ros2_ws/install
[0.274s] DEBUG:colcon.colcon_installed_package_information.package_discovery:Found 471 installed packages in /opt/ros/humble
[0.275s] Level 1:colcon.colcon_core.package_discovery:discover_packages(prefix_path) using defaults
[0.309s] Level 5:colcon.colcon_core.verb:set package 'puzzlebot_description' build argument 'cmake_args' from command line to 'None'
[0.309s] Level 5:colcon.colcon_core.verb:set package 'puzzlebot_description' build argument 'cmake_target' from command line to 'None'
[0.309s] Level 5:colcon.colcon_core.verb:set package 'puzzlebot_description' build argument 'cmake_target_skip_unavailable' from command line to 'False'
[0.309s] Level 5:colcon.colcon_core.verb:set package 'puzzlebot_description' build argument 'cmake_clean_cache' from command line to 'False'
[0.309s] Level 5:colcon.colcon_core.verb:set package 'puzzlebot_description' build argument 'cmake_clean_first' from command line to 'False'
[0.309s] Level 5:colcon.colcon_core.verb:set package 'puzzlebot_description' build argument 'cmake_force_configure' from command line to 'False'
[0.309s] Level 5:colcon.colcon_core.verb:set package 'puzzlebot_description' build argument 'ament_cmake_args' from command line to 'None'
[0.309s] Level 5:colcon.colcon_core.verb:set package 'puzzlebot_description' build argument 'catkin_cmake_args' from command line to 'None'
[0.309s] Level 5:colcon.colcon_core.verb:set package 'puzzlebot_description' build argument 'catkin_skip_building_tests' from command line to 'False'
[0.309s] DEBUG:colcon.colcon_core.verb:Building package 'puzzlebot_description' with the following arguments: {'ament_cmake_args': None, 'build_base': '/home/tom/puzzlebot_ws/build/puzzlebot_description', 'catkin_cmake_args': None, 'catkin_skip_building_tests': False, 'cmake_args': None, 'cmake_clean_cache': False, 'cmake_clean_first': False, 'cmake_force_configure': False, 'cmake_target': None, 'cmake_target_skip_unavailable': False, 'install_base': '/home/tom/puzzlebot_ws/install/puzzlebot_description', 'merge_install': False, 'path': '/home/tom/puzzlebot_ws/src/puzzlebot_ros2/puzzlebot_description', 'symlink_install': False, 'test_result_base': None}
[0.309s] Level 5:colcon.colcon_core.verb:set package 'puzzlebot_navigation2' build argument 'cmake_args' from command line to 'None'
[0.309s] Level 5:colcon.colcon_core.verb:set package 'puzzlebot_navigation2' build argument 'cmake_target' from command line to 'None'
[0.309s] Level 5:colcon.colcon_core.verb:set package 'puzzlebot_navigation2' build argument 'cmake_target_skip_unavailable' from command line to 'False'
[0.309s] Level 5:colcon.colcon_core.verb:set package 'puzzlebot_navigation2' build argument 'cmake_clean_cache' from command line to 'False'
[0.309s] Level 5:colcon.colcon_core.verb:set package 'puzzlebot_navigation2' build argument 'cmake_clean_first' from command line to 'False'
[0.309s] Level 5:colcon.colcon_core.verb:set package 'puzzlebot_navigation2' build argument 'cmake_force_configure' from command line to 'False'
[0.309s] Level 5:colcon.colcon_core.verb:set package 'puzzlebot_navigation2' build argument 'ament_cmake_args' from command line to 'None'
[0.309s] Level 5:colcon.colcon_core.verb:set package 'puzzlebot_navigation2' build argument 'catkin_cmake_args' from command line to 'None'
[0.309s] Level 5:colcon.colcon_core.verb:set package 'puzzlebot_navigation2' build argument 'catkin_skip_building_tests' from command line to 'False'
[0.309s] DEBUG:colcon.colcon_core.verb:Building package 'puzzlebot_navigation2' with the following arguments: {'ament_cmake_args': None, 'build_base': '/home/tom/puzzlebot_ws/build/puzzlebot_navigation2', 'catkin_cmake_args': None, 'catkin_skip_building_tests': False, 'cmake_args': None, 'cmake_clean_cache': False, 'cmake_clean_first': False, 'cmake_force_configure': False, 'cmake_target': None, 'cmake_target_skip_unavailable': False, 'install_base': '/home/tom/puzzlebot_ws/install/puzzlebot_navigation2', 'merge_install': False, 'path': '/home/tom/puzzlebot_ws/src/puzzlebot_ros2/puzzlebot_navigation2', 'symlink_install': False, 'test_result_base': None}
[0.309s] Level 5:colcon.colcon_core.verb:set package 'puzzlebot_gazebo' build argument 'cmake_args' from command line to 'None'
[0.309s] Level 5:colcon.colcon_core.verb:set package 'puzzlebot_gazebo' build argument 'cmake_target' from command line to 'None'
[0.309s] Level 5:colcon.colcon_core.verb:set package 'puzzlebot_gazebo' build argument 'cmake_target_skip_unavailable' from command line to 'False'
[0.310s] Level 5:colcon.colcon_core.verb:set package 'puzzlebot_gazebo' build argument 'cmake_clean_cache' from command line to 'False'
[0.310s] Level 5:colcon.colcon_core.verb:set package 'puzzlebot_gazebo' build argument 'cmake_clean_first' from command line to 'False'
[0.310s] Level 5:colcon.colcon_core.verb:set package 'puzzlebot_gazebo' build argument 'cmake_force_configure' from command line to 'False'
[0.310s] Level 5:colcon.colcon_core.verb:set package 'puzzlebot_gazebo' build argument 'ament_cmake_args' from command line to 'None'
[0.310s] Level 5:colcon.colcon_core.verb:set package 'puzzlebot_gazebo' build argument 'catkin_cmake_args' from command line to 'None'
[0.310s] Level 5:colcon.colcon_core.verb:set package 'puzzlebot_gazebo' build argument 'catkin_skip_building_tests' from command line to 'False'
[0.310s] DEBUG:colcon.colcon_core.verb:Building package 'puzzlebot_gazebo' with the following arguments: {'ament_cmake_args': None, 'build_base': '/home/tom/puzzlebot_ws/build/puzzlebot_gazebo', 'catkin_cmake_args': None, 'catkin_skip_building_tests': False, 'cmake_args': None, 'cmake_clean_cache': False, 'cmake_clean_first': False, 'cmake_force_configure': False, 'cmake_target': None, 'cmake_target_skip_unavailable': False, 'install_base': '/home/tom/puzzlebot_ws/install/puzzlebot_gazebo', 'merge_install': False, 'path': '/home/tom/puzzlebot_ws/src/puzzlebot_ros2/puzzlebot_gazebo', 'symlink_install': False, 'test_result_base': None}
[0.310s] INFO:colcon.colcon_core.executor:Executing jobs using 'parallel' executor
[0.311s] DEBUG:colcon.colcon_parallel_executor.executor.parallel:run_until_complete
[0.311s] INFO:colcon.colcon_ros.task.ament_cmake.build:Building ROS package in '/home/tom/puzzlebot_ws/src/puzzlebot_ros2/puzzlebot_description' with build type 'ament_cmake'
[0.311s] INFO:colcon.colcon_cmake.task.cmake.build:Building CMake package in '/home/tom/puzzlebot_ws/src/puzzlebot_ros2/puzzlebot_description'
[0.314s] INFO:colcon.colcon_core.plugin_system:Skipping extension 'colcon_core.shell.bat': Not used on non-Windows systems
[0.314s] INFO:colcon.colcon_core.shell:Skip shell extension 'powershell' for command environment: Not usable outside of PowerShell
[0.314s] DEBUG:colcon.colcon_core.shell:Skip shell extension 'dsv' for command environment
[0.317s] INFO:colcon.colcon_ros.task.ament_cmake.build:Building ROS package in '/home/tom/puzzlebot_ws/src/puzzlebot_ros2/puzzlebot_navigation2' with build type 'ament_cmake'
[0.317s] INFO:colcon.colcon_cmake.task.cmake.build:Building CMake package in '/home/tom/puzzlebot_ws/src/puzzlebot_ros2/puzzlebot_navigation2'
[0.317s] INFO:colcon.colcon_core.shell:Skip shell extension 'powershell' for command environment: Not usable outside of PowerShell
[0.317s] DEBUG:colcon.colcon_core.shell:Skip shell extension 'dsv' for command environment
[0.324s] DEBUG:colcon.colcon_core.event_handler.log_command:Invoking command in '/home/tom/puzzlebot_ws/build/puzzlebot_description': CMAKE_PREFIX_PATH=${CMAKE_PREFIX_PATH}:/home/tom/ros2_ws/install/tf_examples:/home/tom/ros2_ws/install/talker_listener:/home/tom/ros2_ws/install/puzzlebot_sim:/home/tom/ros2_ws/install/mobile_robotics:/home/tom/ros2_ws/install/mch1_beta:/home/tom/ros2_ws/install/markers:/home/tom/ros2_ws/install/joints_act:/opt/ros/humble /usr/bin/cmake --build /home/tom/puzzlebot_ws/build/puzzlebot_description -- -j16 -l16
[0.326s] DEBUG:colcon.colcon_core.event_handler.log_command:Invoking command in '/home/tom/puzzlebot_ws/build/puzzlebot_navigation2': CMAKE_PREFIX_PATH=${CMAKE_PREFIX_PATH}:/home/tom/ros2_ws/install/tf_examples:/home/tom/ros2_ws/install/talker_listener:/home/tom/ros2_ws/install/puzzlebot_sim:/home/tom/ros2_ws/install/mobile_robotics:/home/tom/ros2_ws/install/mch1_beta:/home/tom/ros2_ws/install/markers:/home/tom/ros2_ws/install/joints_act:/opt/ros/humble /usr/bin/cmake --build /home/tom/puzzlebot_ws/build/puzzlebot_navigation2 -- -j16 -l16
[0.378s] DEBUG:colcon.colcon_core.event_handler.log_command:Invoked command in '/home/tom/puzzlebot_ws/build/puzzlebot_navigation2' returned '0': CMAKE_PREFIX_PATH=${CMAKE_PREFIX_PATH}:/home/tom/ros2_ws/install/tf_examples:/home/tom/ros2_ws/install/talker_listener:/home/tom/ros2_ws/install/puzzlebot_sim:/home/tom/ros2_ws/install/mobile_robotics:/home/tom/ros2_ws/install/mch1_beta:/home/tom/ros2_ws/install/markers:/home/tom/ros2_ws/install/joints_act:/opt/ros/humble /usr/bin/cmake --build /home/tom/puzzlebot_ws/build/puzzlebot_navigation2 -- -j16 -l16
[0.388s] DEBUG:colcon.colcon_core.event_handler.log_command:Invoking command in '/home/tom/puzzlebot_ws/build/puzzlebot_navigation2': CMAKE_PREFIX_PATH=${CMAKE_PREFIX_PATH}:/home/tom/ros2_ws/install/tf_examples:/home/tom/ros2_ws/install/talker_listener:/home/tom/ros2_ws/install/puzzlebot_sim:/home/tom/ros2_ws/install/mobile_robotics:/home/tom/ros2_ws/install/mch1_beta:/home/tom/ros2_ws/install/markers:/home/tom/ros2_ws/install/joints_act:/opt/ros/humble /usr/bin/cmake --install /home/tom/puzzlebot_ws/build/puzzlebot_navigation2
[0.389s] DEBUG:colcon.colcon_core.event_handler.log_command:Invoked command in '/home/tom/puzzlebot_ws/build/puzzlebot_description' returned '0': CMAKE_PREFIX_PATH=${CMAKE_PREFIX_PATH}:/home/tom/ros2_ws/install/tf_examples:/home/tom/ros2_ws/install/talker_listener:/home/tom/ros2_ws/install/puzzlebot_sim:/home/tom/ros2_ws/install/mobile_robotics:/home/tom/ros2_ws/install/mch1_beta:/home/tom/ros2_ws/install/markers:/home/tom/ros2_ws/install/joints_act:/opt/ros/humble /usr/bin/cmake --build /home/tom/puzzlebot_ws/build/puzzlebot_description -- -j16 -l16
[0.391s] DEBUG:colcon.colcon_core.event_handler.log_command:Invoking command in '/home/tom/puzzlebot_ws/build/puzzlebot_description': CMAKE_PREFIX_PATH=${CMAKE_PREFIX_PATH}:/home/tom/ros2_ws/install/tf_examples:/home/tom/ros2_ws/install/talker_listener:/home/tom/ros2_ws/install/puzzlebot_sim:/home/tom/ros2_ws/install/mobile_robotics:/home/tom/ros2_ws/install/mch1_beta:/home/tom/ros2_ws/install/markers:/home/tom/ros2_ws/install/joints_act:/opt/ros/humble /usr/bin/cmake --install /home/tom/puzzlebot_ws/build/puzzlebot_description
[0.402s] Level 1:colcon.colcon_core.environment:create_environment_scripts_only(puzzlebot_navigation2)
[0.402s] DEBUG:colcon.colcon_core.event_handler.log_command:Invoked command in '/home/tom/puzzlebot_ws/build/puzzlebot_navigation2' returned '0': CMAKE_PREFIX_PATH=${CMAKE_PREFIX_PATH}:/home/tom/ros2_ws/install/tf_examples:/home/tom/ros2_ws/install/talker_listener:/home/tom/ros2_ws/install/puzzlebot_sim:/home/tom/ros2_ws/install/mobile_robotics:/home/tom/ros2_ws/install/mch1_beta:/home/tom/ros2_ws/install/markers:/home/tom/ros2_ws/install/joints_act:/opt/ros/humble /usr/bin/cmake --install /home/tom/puzzlebot_ws/build/puzzlebot_navigation2
[0.410s] Level 1:colcon.colcon_core.environment:checking '/home/tom/puzzlebot_ws/install/puzzlebot_navigation2' for CMake module files
[0.411s] Level 1:colcon.colcon_core.environment:checking '/home/tom/puzzlebot_ws/install/puzzlebot_navigation2' for CMake config files
[0.411s] Level 1:colcon.colcon_core.shell:create_environment_hook('puzzlebot_navigation2', 'cmake_prefix_path')
[0.412s] INFO:colcon.colcon_core.shell:Creating environment hook '/home/tom/puzzlebot_ws/install/puzzlebot_navigation2/share/puzzlebot_navigation2/hook/cmake_prefix_path.ps1'
[0.413s] INFO:colcon.colcon_core.shell:Creating environment descriptor '/home/tom/puzzlebot_ws/install/puzzlebot_navigation2/share/puzzlebot_navigation2/hook/cmake_prefix_path.dsv'
[0.414s] INFO:colcon.colcon_core.shell:Creating environment hook '/home/tom/puzzlebot_ws/install/puzzlebot_navigation2/share/puzzlebot_navigation2/hook/cmake_prefix_path.sh'
[0.415s] Level 1:colcon.colcon_core.environment:checking '/home/tom/puzzlebot_ws/install/puzzlebot_navigation2/bin'
[0.415s] Level 1:colcon.colcon_core.environment:checking '/home/tom/puzzlebot_ws/install/puzzlebot_navigation2/lib/pkgconfig/puzzlebot_navigation2.pc'
[0.415s] Level 1:colcon.colcon_core.environment:checking '/home/tom/puzzlebot_ws/install/puzzlebot_navigation2/lib/python3.10/site-packages'
[0.416s] Level 1:colcon.colcon_core.environment:checking '/home/tom/puzzlebot_ws/install/puzzlebot_navigation2/bin'
[0.416s] INFO:colcon.colcon_core.shell:Creating package script '/home/tom/puzzlebot_ws/install/puzzlebot_navigation2/share/puzzlebot_navigation2/package.ps1'
[0.417s] INFO:colcon.colcon_core.shell:Creating package descriptor '/home/tom/puzzlebot_ws/install/puzzlebot_navigation2/share/puzzlebot_navigation2/package.dsv'
[0.418s] INFO:colcon.colcon_core.shell:Creating package script '/home/tom/puzzlebot_ws/install/puzzlebot_navigation2/share/puzzlebot_navigation2/package.sh'
[0.419s] INFO:colcon.colcon_core.shell:Creating package script '/home/tom/puzzlebot_ws/install/puzzlebot_navigation2/share/puzzlebot_navigation2/package.bash'
[0.420s] INFO:colcon.colcon_core.shell:Creating package script '/home/tom/puzzlebot_ws/install/puzzlebot_navigation2/share/puzzlebot_navigation2/package.zsh'
[0.420s] Level 1:colcon.colcon_core.environment:create_file_with_runtime_dependencies(/home/tom/puzzlebot_ws/install/puzzlebot_navigation2/share/colcon-core/packages/puzzlebot_navigation2)
[0.421s] Level 1:colcon.colcon_core.environment:create_environment_scripts_only(puzzlebot_navigation2)
[0.421s] Level 1:colcon.colcon_core.environment:checking '/home/tom/puzzlebot_ws/install/puzzlebot_navigation2' for CMake module files
[0.421s] Level 1:colcon.colcon_core.environment:checking '/home/tom/puzzlebot_ws/install/puzzlebot_navigation2' for CMake config files
[0.421s] Level 1:colcon.colcon_core.shell:create_environment_hook('puzzlebot_navigation2', 'cmake_prefix_path')
[0.422s] INFO:colcon.colcon_core.shell:Creating environment hook '/home/tom/puzzlebot_ws/install/puzzlebot_navigation2/share/puzzlebot_navigation2/hook/cmake_prefix_path.ps1'
[0.422s] INFO:colcon.colcon_core.shell:Creating environment descriptor '/home/tom/puzzlebot_ws/install/puzzlebot_navigation2/share/puzzlebot_navigation2/hook/cmake_prefix_path.dsv'
[0.422s] INFO:colcon.colcon_core.shell:Creating environment hook '/home/tom/puzzlebot_ws/install/puzzlebot_navigation2/share/puzzlebot_navigation2/hook/cmake_prefix_path.sh'
[0.422s] Level 1:colcon.colcon_core.environment:checking '/home/tom/puzzlebot_ws/install/puzzlebot_navigation2/bin'
[0.422s] Level 1:colcon.colcon_core.environment:checking '/home/tom/puzzlebot_ws/install/puzzlebot_navigation2/lib/pkgconfig/puzzlebot_navigation2.pc'
[0.423s] Level 1:colcon.colcon_core.environment:checking '/home/tom/puzzlebot_ws/install/puzzlebot_navigation2/lib/python3.10/site-packages'
[0.423s] Level 1:colcon.colcon_core.environment:checking '/home/tom/puzzlebot_ws/install/puzzlebot_navigation2/bin'
[0.423s] INFO:colcon.colcon_core.shell:Creating package script '/home/tom/puzzlebot_ws/install/puzzlebot_navigation2/share/puzzlebot_navigation2/package.ps1'
[0.423s] INFO:colcon.colcon_core.shell:Creating package descriptor '/home/tom/puzzlebot_ws/install/puzzlebot_navigation2/share/puzzlebot_navigation2/package.dsv'
[0.424s] INFO:colcon.colcon_core.shell:Creating package script '/home/tom/puzzlebot_ws/install/puzzlebot_navigation2/share/puzzlebot_navigation2/package.sh'
[0.424s] INFO:colcon.colcon_core.shell:Creating package script '/home/tom/puzzlebot_ws/install/puzzlebot_navigation2/share/puzzlebot_navigation2/package.bash'
[0.424s] INFO:colcon.colcon_core.shell:Creating package script '/home/tom/puzzlebot_ws/install/puzzlebot_navigation2/share/puzzlebot_navigation2/package.zsh'
[0.424s] Level 1:colcon.colcon_core.environment:create_file_with_runtime_dependencies(/home/tom/puzzlebot_ws/install/puzzlebot_navigation2/share/colcon-core/packages/puzzlebot_navigation2)
[0.425s] Level 1:colcon.colcon_core.environment:create_environment_scripts_only(puzzlebot_description)
[0.425s] Level 1:colcon.colcon_core.environment:checking '/home/tom/puzzlebot_ws/install/puzzlebot_description' for CMake module files
[0.426s] DEBUG:colcon.colcon_core.event_handler.log_command:Invoked command in '/home/tom/puzzlebot_ws/build/puzzlebot_description' returned '0': CMAKE_PREFIX_PATH=${CMAKE_PREFIX_PATH}:/home/tom/ros2_ws/install/tf_examples:/home/tom/ros2_ws/install/talker_listener:/home/tom/ros2_ws/install/puzzlebot_sim:/home/tom/ros2_ws/install/mobile_robotics:/home/tom/ros2_ws/install/mch1_beta:/home/tom/ros2_ws/install/markers:/home/tom/ros2_ws/install/joints_act:/opt/ros/humble /usr/bin/cmake --install /home/tom/puzzlebot_ws/build/puzzlebot_description
[0.426s] Level 1:colcon.colcon_core.environment:checking '/home/tom/puzzlebot_ws/install/puzzlebot_description' for CMake config files
[0.426s] Level 1:colcon.colcon_core.shell:create_environment_hook('puzzlebot_description', 'cmake_prefix_path')
[0.426s] INFO:colcon.colcon_core.shell:Creating environment hook '/home/tom/puzzlebot_ws/install/puzzlebot_description/share/puzzlebot_description/hook/cmake_prefix_path.ps1'
[0.426s] INFO:colcon.colcon_core.shell:Creating environment descriptor '/home/tom/puzzlebot_ws/install/puzzlebot_description/share/puzzlebot_description/hook/cmake_prefix_path.dsv'
[0.427s] INFO:colcon.colcon_core.shell:Creating environment hook '/home/tom/puzzlebot_ws/install/puzzlebot_description/share/puzzlebot_description/hook/cmake_prefix_path.sh'
[0.427s] Level 1:colcon.colcon_core.environment:checking '/home/tom/puzzlebot_ws/install/puzzlebot_description/bin'
[0.427s] Level 1:colcon.colcon_core.environment:checking '/home/tom/puzzlebot_ws/install/puzzlebot_description/lib/pkgconfig/puzzlebot_description.pc'
[0.427s] Level 1:colcon.colcon_core.environment:checking '/home/tom/puzzlebot_ws/install/puzzlebot_description/lib/python3.10/site-packages'
[0.427s] Level 1:colcon.colcon_core.environment:checking '/home/tom/puzzlebot_ws/install/puzzlebot_description/bin'
[0.428s] INFO:colcon.colcon_core.shell:Creating package script '/home/tom/puzzlebot_ws/install/puzzlebot_description/share/puzzlebot_description/package.ps1'
[0.428s] INFO:colcon.colcon_core.shell:Creating package descriptor '/home/tom/puzzlebot_ws/install/puzzlebot_description/share/puzzlebot_description/package.dsv'
[0.428s] INFO:colcon.colcon_core.shell:Creating package script '/home/tom/puzzlebot_ws/install/puzzlebot_description/share/puzzlebot_description/package.sh'
[0.428s] INFO:colcon.colcon_core.shell:Creating package script '/home/tom/puzzlebot_ws/install/puzzlebot_description/share/puzzlebot_description/package.bash'
[0.429s] INFO:colcon.colcon_core.shell:Creating package script '/home/tom/puzzlebot_ws/install/puzzlebot_description/share/puzzlebot_description/package.zsh'
[0.429s] Level 1:colcon.colcon_core.environment:create_file_with_runtime_dependencies(/home/tom/puzzlebot_ws/install/puzzlebot_description/share/colcon-core/packages/puzzlebot_description)
[0.429s] Level 1:colcon.colcon_core.environment:create_environment_scripts_only(puzzlebot_description)
[0.429s] Level 1:colcon.colcon_core.environment:checking '/home/tom/puzzlebot_ws/install/puzzlebot_description' for CMake module files
[0.430s] Level 1:colcon.colcon_core.environment:checking '/home/tom/puzzlebot_ws/install/puzzlebot_description' for CMake config files
[0.430s] Level 1:colcon.colcon_core.shell:create_environment_hook('puzzlebot_description', 'cmake_prefix_path')
[0.430s] INFO:colcon.colcon_core.shell:Creating environment hook '/home/tom/puzzlebot_ws/install/puzzlebot_description/share/puzzlebot_description/hook/cmake_prefix_path.ps1'
[0.430s] INFO:colcon.colcon_core.shell:Creating environment descriptor '/home/tom/puzzlebot_ws/install/puzzlebot_description/share/puzzlebot_description/hook/cmake_prefix_path.dsv'
[0.430s] INFO:colcon.colcon_core.shell:Creating environment hook '/home/tom/puzzlebot_ws/install/puzzlebot_description/share/puzzlebot_description/hook/cmake_prefix_path.sh'
[0.431s] Level 1:colcon.colcon_core.environment:checking '/home/tom/puzzlebot_ws/install/puzzlebot_description/bin'
[0.431s] Level 1:colcon.colcon_core.environment:checking '/home/tom/puzzlebot_ws/install/puzzlebot_description/lib/pkgconfig/puzzlebot_description.pc'
[0.431s] Level 1:colcon.colcon_core.environment:checking '/home/tom/puzzlebot_ws/install/puzzlebot_description/lib/python3.10/site-packages'
[0.431s] Level 1:colcon.colcon_core.environment:checking '/home/tom/puzzlebot_ws/install/puzzlebot_description/bin'
[0.431s] INFO:colcon.colcon_core.shell:Creating package script '/home/tom/puzzlebot_ws/install/puzzlebot_description/share/puzzlebot_description/package.ps1'
[0.432s] INFO:colcon.colcon_core.shell:Creating package descriptor '/home/tom/puzzlebot_ws/install/puzzlebot_description/share/puzzlebot_description/package.dsv'
[0.432s] INFO:colcon.colcon_core.shell:Creating package script '/home/tom/puzzlebot_ws/install/puzzlebot_description/share/puzzlebot_description/package.sh'
[0.433s] INFO:colcon.colcon_core.shell:Creating package script '/home/tom/puzzlebot_ws/install/puzzlebot_description/share/puzzlebot_description/package.bash'
[0.433s] INFO:colcon.colcon_core.shell:Creating package script '/home/tom/puzzlebot_ws/install/puzzlebot_description/share/puzzlebot_description/package.zsh'
[0.434s] Level 1:colcon.colcon_core.environment:create_file_with_runtime_dependencies(/home/tom/puzzlebot_ws/install/puzzlebot_description/share/colcon-core/packages/puzzlebot_description)
[0.434s] INFO:colcon.colcon_ros.task.ament_cmake.build:Building ROS package in '/home/tom/puzzlebot_ws/src/puzzlebot_ros2/puzzlebot_gazebo' with build type 'ament_cmake'
[0.434s] INFO:colcon.colcon_cmake.task.cmake.build:Building CMake package in '/home/tom/puzzlebot_ws/src/puzzlebot_ros2/puzzlebot_gazebo'
[0.434s] INFO:colcon.colcon_core.shell:Skip shell extension 'powershell' for command environment: Not usable outside of PowerShell
[0.434s] DEBUG:colcon.colcon_core.shell:Skip shell extension 'dsv' for command environment
[0.448s] DEBUG:colcon.colcon_core.event_handler.log_command:Invoking command in '/home/tom/puzzlebot_ws/build/puzzlebot_gazebo': CMAKE_PREFIX_PATH=/home/tom/puzzlebot_ws/install/puzzlebot_description:/home/tom/puzzlebot_ws/install/puzzlebot_navigation2:/home/tom/puzzlebot_ws/install/puzzlebot_gazebo:/home/tom/ros2_ws/install/tf_examples:/home/tom/ros2_ws/install/talker_listener:/home/tom/ros2_ws/install/puzzlebot_sim:/home/tom/ros2_ws/install/mobile_robotics:/home/tom/ros2_ws/install/mch1_beta:/home/tom/ros2_ws/install/markers:/home/tom/ros2_ws/install/joints_act:/opt/ros/humble /usr/bin/cmake --build /home/tom/puzzlebot_ws/build/puzzlebot_gazebo -- -j16 -l16
[0.497s] DEBUG:colcon.colcon_core.event_handler.log_command:Invoked command in '/home/tom/puzzlebot_ws/build/puzzlebot_gazebo' returned '0': CMAKE_PREFIX_PATH=/home/tom/puzzlebot_ws/install/puzzlebot_description:/home/tom/puzzlebot_ws/install/puzzlebot_navigation2:/home/tom/puzzlebot_ws/install/puzzlebot_gazebo:/home/tom/ros2_ws/install/tf_examples:/home/tom/ros2_ws/install/talker_listener:/home/tom/ros2_ws/install/puzzlebot_sim:/home/tom/ros2_ws/install/mobile_robotics:/home/tom/ros2_ws/install/mch1_beta:/home/tom/ros2_ws/install/markers:/home/tom/ros2_ws/install/joints_act:/opt/ros/humble /usr/bin/cmake --build /home/tom/puzzlebot_ws/build/puzzlebot_gazebo -- -j16 -l16
[0.499s] DEBUG:colcon.colcon_core.event_handler.log_command:Invoking command in '/home/tom/puzzlebot_ws/build/puzzlebot_gazebo': CMAKE_PREFIX_PATH=/home/tom/puzzlebot_ws/install/puzzlebot_description:/home/tom/puzzlebot_ws/install/puzzlebot_navigation2:/home/tom/puzzlebot_ws/install/puzzlebot_gazebo:/home/tom/ros2_ws/install/tf_examples:/home/tom/ros2_ws/install/talker_listener:/home/tom/ros2_ws/install/puzzlebot_sim:/home/tom/ros2_ws/install/mobile_robotics:/home/tom/ros2_ws/install/mch1_beta:/home/tom/ros2_ws/install/markers:/home/tom/ros2_ws/install/joints_act:/opt/ros/humble /usr/bin/cmake --install /home/tom/puzzlebot_ws/build/puzzlebot_gazebo
[0.513s] Level 1:colcon.colcon_core.environment:create_environment_scripts_only(puzzlebot_gazebo)
[0.514s] DEBUG:colcon.colcon_core.event_handler.log_command:Invoked command in '/home/tom/puzzlebot_ws/build/puzzlebot_gazebo' returned '0': CMAKE_PREFIX_PATH=/home/tom/puzzlebot_ws/install/puzzlebot_description:/home/tom/puzzlebot_ws/install/puzzlebot_navigation2:/home/tom/puzzlebot_ws/install/puzzlebot_gazebo:/home/tom/ros2_ws/install/tf_examples:/home/tom/ros2_ws/install/talker_listener:/home/tom/ros2_ws/install/puzzlebot_sim:/home/tom/ros2_ws/install/mobile_robotics:/home/tom/ros2_ws/install/mch1_beta:/home/tom/ros2_ws/install/markers:/home/tom/ros2_ws/install/joints_act:/opt/ros/humble /usr/bin/cmake --install /home/tom/puzzlebot_ws/build/puzzlebot_gazebo
[0.514s] Level 1:colcon.colcon_core.environment:checking '/home/tom/puzzlebot_ws/install/puzzlebot_gazebo' for CMake module files
[0.515s] Level 1:colcon.colcon_core.environment:checking '/home/tom/puzzlebot_ws/install/puzzlebot_gazebo' for CMake config files
[0.515s] Level 1:colcon.colcon_core.shell:create_environment_hook('puzzlebot_gazebo', 'cmake_prefix_path')
[0.516s] INFO:colcon.colcon_core.shell:Creating environment hook '/home/tom/puzzlebot_ws/install/puzzlebot_gazebo/share/puzzlebot_gazebo/hook/cmake_prefix_path.ps1'
[0.516s] INFO:colcon.colcon_core.shell:Creating environment descriptor '/home/tom/puzzlebot_ws/install/puzzlebot_gazebo/share/puzzlebot_gazebo/hook/cmake_prefix_path.dsv'
[0.517s] INFO:colcon.colcon_core.shell:Creating environment hook '/home/tom/puzzlebot_ws/install/puzzlebot_gazebo/share/puzzlebot_gazebo/hook/cmake_prefix_path.sh'
[0.517s] Level 1:colcon.colcon_core.environment:checking '/home/tom/puzzlebot_ws/install/puzzlebot_gazebo/bin'
[0.517s] Level 1:colcon.colcon_core.environment:checking '/home/tom/puzzlebot_ws/install/puzzlebot_gazebo/lib/pkgconfig/puzzlebot_gazebo.pc'
[0.518s] Level 1:colcon.colcon_core.environment:checking '/home/tom/puzzlebot_ws/install/puzzlebot_gazebo/lib/python3.10/site-packages'
[0.518s] Level 1:colcon.colcon_core.environment:checking '/home/tom/puzzlebot_ws/install/puzzlebot_gazebo/bin'
[0.518s] INFO:colcon.colcon_core.shell:Creating package script '/home/tom/puzzlebot_ws/install/puzzlebot_gazebo/share/puzzlebot_gazebo/package.ps1'
[0.519s] INFO:colcon.colcon_core.shell:Creating package descriptor '/home/tom/puzzlebot_ws/install/puzzlebot_gazebo/share/puzzlebot_gazebo/package.dsv'
[0.519s] INFO:colcon.colcon_core.shell:Creating package script '/home/tom/puzzlebot_ws/install/puzzlebot_gazebo/share/puzzlebot_gazebo/package.sh'
[0.520s] INFO:colcon.colcon_core.shell:Creating package script '/home/tom/puzzlebot_ws/install/puzzlebot_gazebo/share/puzzlebot_gazebo/package.bash'
[0.520s] INFO:colcon.colcon_core.shell:Creating package script '/home/tom/puzzlebot_ws/install/puzzlebot_gazebo/share/puzzlebot_gazebo/package.zsh'
[0.520s] Level 1:colcon.colcon_core.environment:create_file_with_runtime_dependencies(/home/tom/puzzlebot_ws/install/puzzlebot_gazebo/share/colcon-core/packages/puzzlebot_gazebo)
[0.521s] Level 1:colcon.colcon_core.environment:create_environment_scripts_only(puzzlebot_gazebo)
[0.521s] Level 1:colcon.colcon_core.environment:checking '/home/tom/puzzlebot_ws/install/puzzlebot_gazebo' for CMake module files
[0.522s] Level 1:colcon.colcon_core.environment:checking '/home/tom/puzzlebot_ws/install/puzzlebot_gazebo' for CMake config files
[0.522s] Level 1:colcon.colcon_core.shell:create_environment_hook('puzzlebot_gazebo', 'cmake_prefix_path')
[0.522s] INFO:colcon.colcon_core.shell:Creating environment hook '/home/tom/puzzlebot_ws/install/puzzlebot_gazebo/share/puzzlebot_gazebo/hook/cmake_prefix_path.ps1'
[0.523s] INFO:colcon.colcon_core.shell:Creating environment descriptor '/home/tom/puzzlebot_ws/install/puzzlebot_gazebo/share/puzzlebot_gazebo/hook/cmake_prefix_path.dsv'
[0.523s] INFO:colcon.colcon_core.shell:Creating environment hook '/home/tom/puzzlebot_ws/install/puzzlebot_gazebo/share/puzzlebot_gazebo/hook/cmake_prefix_path.sh'
[0.524s] Level 1:colcon.colcon_core.environment:checking '/home/tom/puzzlebot_ws/install/puzzlebot_gazebo/bin'
[0.524s] Level 1:colcon.colcon_core.environment:checking '/home/tom/puzzlebot_ws/install/puzzlebot_gazebo/lib/pkgconfig/puzzlebot_gazebo.pc'
[0.524s] Level 1:colcon.colcon_core.environment:checking '/home/tom/puzzlebot_ws/install/puzzlebot_gazebo/lib/python3.10/site-packages'
[0.524s] Level 1:colcon.colcon_core.environment:checking '/home/tom/puzzlebot_ws/install/puzzlebot_gazebo/bin'
[0.525s] INFO:colcon.colcon_core.shell:Creating package script '/home/tom/puzzlebot_ws/install/puzzlebot_gazebo/share/puzzlebot_gazebo/package.ps1'
[0.525s] INFO:colcon.colcon_core.shell:Creating package descriptor '/home/tom/puzzlebot_ws/install/puzzlebot_gazebo/share/puzzlebot_gazebo/package.dsv'
[0.526s] INFO:colcon.colcon_core.shell:Creating package script '/home/tom/puzzlebot_ws/install/puzzlebot_gazebo/share/puzzlebot_gazebo/package.sh'
[0.526s] INFO:colcon.colcon_core.shell:Creating package script '/home/tom/puzzlebot_ws/install/puzzlebot_gazebo/share/puzzlebot_gazebo/package.bash'
[0.527s] INFO:colcon.colcon_core.shell:Creating package script '/home/tom/puzzlebot_ws/install/puzzlebot_gazebo/share/puzzlebot_gazebo/package.zsh'
[0.527s] Level 1:colcon.colcon_core.environment:create_file_with_runtime_dependencies(/home/tom/puzzlebot_ws/install/puzzlebot_gazebo/share/colcon-core/packages/puzzlebot_gazebo)
[0.528s] DEBUG:colcon.colcon_parallel_executor.executor.parallel:closing loop
[0.528s] DEBUG:colcon.colcon_parallel_executor.executor.parallel:loop closed
[0.528s] DEBUG:colcon.colcon_parallel_executor.executor.parallel:run_until_complete finished with '0'
[0.528s] DEBUG:colcon.colcon_core.event_reactor:joining thread
[0.536s] INFO:colcon.colcon_core.plugin_system:Skipping extension 'colcon_notification.desktop_notification.terminal_notifier': Not used on non-Darwin systems
[0.536s] INFO:colcon.colcon_core.plugin_system:Skipping extension 'colcon_notification.desktop_notification.win32': Not used on non-Windows systems
[0.536s] INFO:colcon.colcon_notification.desktop_notification:Sending desktop notification using 'notify2'
[0.556s] DEBUG:colcon.colcon_core.event_reactor:joined thread
[0.556s] INFO:colcon.colcon_core.shell:Creating prefix script '/home/tom/puzzlebot_ws/install/local_setup.ps1'
[0.557s] INFO:colcon.colcon_core.shell:Creating prefix util module '/home/tom/puzzlebot_ws/install/_local_setup_util_ps1.py'
[0.559s] INFO:colcon.colcon_core.shell:Creating prefix chain script '/home/tom/puzzlebot_ws/install/setup.ps1'
[0.561s] INFO:colcon.colcon_core.shell:Creating prefix script '/home/tom/puzzlebot_ws/install/local_setup.sh'
[0.561s] INFO:colcon.colcon_core.shell:Creating prefix util module '/home/tom/puzzlebot_ws/install/_local_setup_util_sh.py'
[0.562s] INFO:colcon.colcon_core.shell:Creating prefix chain script '/home/tom/puzzlebot_ws/install/setup.sh'
[0.564s] INFO:colcon.colcon_core.shell:Creating prefix script '/home/tom/puzzlebot_ws/install/local_setup.bash'
[0.564s] INFO:colcon.colcon_core.shell:Creating prefix chain script '/home/tom/puzzlebot_ws/install/setup.bash'
[0.566s] INFO:colcon.colcon_core.shell:Creating prefix script '/home/tom/puzzlebot_ws/install/local_setup.zsh'
[0.566s] INFO:colcon.colcon_core.shell:Creating prefix chain script '/home/tom/puzzlebot_ws/install/setup.zsh'
