[0.009s] Invoking command in '/home/tom/puzzlebot_ws/build/puzzlebot_description': CMAKE_PREFIX_PATH=${CMAKE_PREFIX_PATH}:/home/tom/ros2_ws/install/tf_examples:/home/tom/ros2_ws/install/talker_listener:/home/tom/ros2_ws/install/puzzlebot_sim:/home/tom/ros2_ws/install/mobile_robotics:/home/tom/ros2_ws/install/mch1_beta:/home/tom/ros2_ws/install/markers:/home/tom/ros2_ws/install/joints_act:/opt/ros/humble /usr/bin/cmake --build /home/tom/puzzlebot_ws/build/puzzlebot_description -- -j16 -l16
[0.055s] Invoked command in '/home/tom/puzzlebot_ws/build/puzzlebot_description' returned '0': CMAKE_PREFIX_PATH=${CMAKE_PREFIX_PATH}:/home/tom/ros2_ws/install/tf_examples:/home/tom/ros2_ws/install/talker_listener:/home/tom/ros2_ws/install/puzzlebot_sim:/home/tom/ros2_ws/install/mobile_robotics:/home/tom/ros2_ws/install/mch1_beta:/home/tom/ros2_ws/install/markers:/home/tom/ros2_ws/install/joints_act:/opt/ros/humble /usr/bin/cmake --build /home/tom/puzzlebot_ws/build/puzzlebot_description -- -j16 -l16
[0.067s] Invoking command in '/home/tom/puzzlebot_ws/build/puzzlebot_description': CMAKE_PREFIX_PATH=${CMAKE_PREFIX_PATH}:/home/tom/ros2_ws/install/tf_examples:/home/tom/ros2_ws/install/talker_listener:/home/tom/ros2_ws/install/puzzlebot_sim:/home/tom/ros2_ws/install/mobile_robotics:/home/tom/ros2_ws/install/mch1_beta:/home/tom/ros2_ws/install/markers:/home/tom/ros2_ws/install/joints_act:/opt/ros/humble /usr/bin/cmake --install /home/tom/puzzlebot_ws/build/puzzlebot_description
[0.077s] -- Install configuration: ""
[0.077s] -- Up-to-date: /home/tom/puzzlebot_ws/install/puzzlebot_description/share/puzzlebot_description/urdf
[0.077s] -- Up-to-date: /home/tom/puzzlebot_ws/install/puzzlebot_description/share/puzzlebot_description/urdf/sensors.xacro
[0.077s] -- Up-to-date: /home/tom/puzzlebot_ws/install/puzzlebot_description/share/puzzlebot_description/urdf/joints.xacro
[0.077s] -- Up-to-date: /home/tom/puzzlebot_ws/install/puzzlebot_description/share/puzzlebot_description/urdf/puzzlebot.urdf.xacro
[0.077s] -- Up-to-date: /home/tom/puzzlebot_ws/install/puzzlebot_description/share/puzzlebot_description/urdf/control.xacro
[0.077s] -- Up-to-date: /home/tom/puzzlebot_ws/install/puzzlebot_description/share/puzzlebot_description/urdf/base.xacro
[0.077s] -- Up-to-date: /home/tom/puzzlebot_ws/install/puzzlebot_description/share/puzzlebot_description/urdf/wheels.xacro
[0.077s] -- Up-to-date: /home/tom/puzzlebot_ws/install/puzzlebot_description/share/puzzlebot_description/rviz
[0.077s] -- Up-to-date: /home/tom/puzzlebot_ws/install/puzzlebot_description/share/puzzlebot_description/rviz/puzzlebot_description.rviz
[0.077s] -- Up-to-date: /home/tom/puzzlebot_ws/install/puzzlebot_description/share/puzzlebot_description/meshes
[0.077s] -- Up-to-date: /home/tom/puzzlebot_ws/install/puzzlebot_description/share/puzzlebot_description/meshes/base
[0.078s] -- Up-to-date: /home/tom/puzzlebot_ws/install/puzzlebot_description/share/puzzlebot_description/meshes/base/Puzzlebot_Jetson_Lidar_Edition_Base.stl
[0.078s] -- Up-to-date: /home/tom/puzzlebot_ws/install/puzzlebot_description/share/puzzlebot_description/meshes/sensors
[0.078s] -- Up-to-date: /home/tom/puzzlebot_ws/install/puzzlebot_description/share/puzzlebot_description/meshes/wheels
[0.078s] -- Up-to-date: /home/tom/puzzlebot_ws/install/puzzlebot_description/share/puzzlebot_description/meshes/wheels/Puzzlebot_Caster_Wheel.stl
[0.078s] -- Up-to-date: /home/tom/puzzlebot_ws/install/puzzlebot_description/share/puzzlebot_description/meshes/wheels/Puzzlebot_Wheel.stl
[0.078s] -- Up-to-date: /home/tom/puzzlebot_ws/install/puzzlebot_description/share/puzzlebot_description/meshes/misc
[0.078s] -- Up-to-date: /home/tom/puzzlebot_ws/install/puzzlebot_description/share/puzzlebot_description/launch
[0.078s] -- Up-to-date: /home/tom/puzzlebot_ws/install/puzzlebot_description/share/puzzlebot_description/launch/puzzlebot_description.launch.xml
[0.078s] -- Up-to-date: /home/tom/puzzlebot_ws/install/puzzlebot_description/share/ament_index/resource_index/package_run_dependencies/puzzlebot_description
[0.078s] -- Up-to-date: /home/tom/puzzlebot_ws/install/puzzlebot_description/share/ament_index/resource_index/parent_prefix_path/puzzlebot_description
[0.078s] -- Up-to-date: /home/tom/puzzlebot_ws/install/puzzlebot_description/share/puzzlebot_description/environment/ament_prefix_path.sh
[0.078s] -- Up-to-date: /home/tom/puzzlebot_ws/install/puzzlebot_description/share/puzzlebot_description/environment/ament_prefix_path.dsv
[0.078s] -- Up-to-date: /home/tom/puzzlebot_ws/install/puzzlebot_description/share/puzzlebot_description/environment/path.sh
[0.078s] -- Up-to-date: /home/tom/puzzlebot_ws/install/puzzlebot_description/share/puzzlebot_description/environment/path.dsv
[0.078s] -- Up-to-date: /home/tom/puzzlebot_ws/install/puzzlebot_description/share/puzzlebot_description/local_setup.bash
[0.078s] -- Up-to-date: /home/tom/puzzlebot_ws/install/puzzlebot_description/share/puzzlebot_description/local_setup.sh
[0.079s] -- Up-to-date: /home/tom/puzzlebot_ws/install/puzzlebot_description/share/puzzlebot_description/local_setup.zsh
[0.079s] -- Up-to-date: /home/tom/puzzlebot_ws/install/puzzlebot_description/share/puzzlebot_description/local_setup.dsv
[0.079s] -- Installing: /home/tom/puzzlebot_ws/install/puzzlebot_description/share/puzzlebot_description/package.dsv
[0.079s] -- Up-to-date: /home/tom/puzzlebot_ws/install/puzzlebot_description/share/ament_index/resource_index/packages/puzzlebot_description
[0.079s] -- Up-to-date: /home/tom/puzzlebot_ws/install/puzzlebot_description/share/puzzlebot_description/cmake/puzzlebot_descriptionConfig.cmake
[0.079s] -- Up-to-date: /home/tom/puzzlebot_ws/install/puzzlebot_description/share/puzzlebot_description/cmake/puzzlebot_descriptionConfig-version.cmake
[0.079s] -- Up-to-date: /home/tom/puzzlebot_ws/install/puzzlebot_description/share/puzzlebot_description/package.xml
[0.080s] Invoked command in '/home/tom/puzzlebot_ws/build/puzzlebot_description' returned '0': CMAKE_PREFIX_PATH=${CMAKE_PREFIX_PATH}:/home/tom/ros2_ws/install/tf_examples:/home/tom/ros2_ws/install/talker_listener:/home/tom/ros2_ws/install/puzzlebot_sim:/home/tom/ros2_ws/install/mobile_robotics:/home/tom/ros2_ws/install/mch1_beta:/home/tom/ros2_ws/install/markers:/home/tom/ros2_ws/install/joints_act:/opt/ros/humble /usr/bin/cmake --install /home/tom/puzzlebot_ws/build/puzzlebot_description
