[0.009s] Invoking command in '/home/tom/puzzlebot_ws/build/puzzlebot_navigation2': CMAKE_PREFIX_PATH=/home/tom/ros2_ws/install/tf_examples:/home/tom/ros2_ws/install/talker_listener:/home/tom/ros2_ws/install/puzzlebot_sim:/home/tom/ros2_ws/install/mobile_robotics:/home/tom/ros2_ws/install/mch1_beta:/home/tom/ros2_ws/install/markers:/home/tom/ros2_ws/install/joints_act:/opt/ros/humble /usr/bin/cmake /home/tom/puzzlebot_ws/src/puzzlebot_ros2/puzzlebot_navigation2 -DCMAKE_INSTALL_PREFIX=/home/tom/puzzlebot_ws/install/puzzlebot_navigation2
[0.112s] -- The C compiler identification is GNU 11.4.0
[0.183s] -- The CXX compiler identification is GNU 11.4.0
[0.191s] -- Detecting C compiler ABI info
[0.257s] -- Detecting C compiler ABI info - done
[0.262s] -- Check for working C compiler: /usr/bin/cc - skipped
[0.263s] -- Detecting C compile features
[0.264s] -- Detecting C compile features - done
[0.267s] -- Detecting CXX compiler ABI info
[0.338s] -- Detecting CXX compiler ABI info - done
[0.343s] -- Check for working CXX compiler: /usr/bin/c++ - skipped
[0.343s] -- Detecting CXX compile features
[0.343s] -- Detecting CXX compile features - done
[0.349s] -- Found ament_cmake: 1.3.14 (/opt/ros/humble/share/ament_cmake/cmake)
[0.479s] -- Found Python3: /usr/bin/python3 (found version "3.10.12") found components: Interpreter 
[0.566s] -- Found ament_lint_auto: 0.12.15 (/opt/ros/humble/share/ament_lint_auto/cmake)
[0.628s] -- Added test 'lint_cmake' to check CMake code style
[0.629s] -- Added test 'xmllint' to check XML markup files
[0.629s] -- Configuring done
[0.631s] -- Generating done
[0.632s] -- Build files have been written to: /home/tom/puzzlebot_ws/build/puzzlebot_navigation2
[0.635s] Invoked command in '/home/tom/puzzlebot_ws/build/puzzlebot_navigation2' returned '0': CMAKE_PREFIX_PATH=/home/tom/ros2_ws/install/tf_examples:/home/tom/ros2_ws/install/talker_listener:/home/tom/ros2_ws/install/puzzlebot_sim:/home/tom/ros2_ws/install/mobile_robotics:/home/tom/ros2_ws/install/mch1_beta:/home/tom/ros2_ws/install/markers:/home/tom/ros2_ws/install/joints_act:/opt/ros/humble /usr/bin/cmake /home/tom/puzzlebot_ws/src/puzzlebot_ros2/puzzlebot_navigation2 -DCMAKE_INSTALL_PREFIX=/home/tom/puzzlebot_ws/install/puzzlebot_navigation2
[0.636s] Invoking command in '/home/tom/puzzlebot_ws/build/puzzlebot_navigation2': CMAKE_PREFIX_PATH=/home/tom/ros2_ws/install/tf_examples:/home/tom/ros2_ws/install/talker_listener:/home/tom/ros2_ws/install/puzzlebot_sim:/home/tom/ros2_ws/install/mobile_robotics:/home/tom/ros2_ws/install/mch1_beta:/home/tom/ros2_ws/install/markers:/home/tom/ros2_ws/install/joints_act:/opt/ros/humble /usr/bin/cmake --build /home/tom/puzzlebot_ws/build/puzzlebot_navigation2 -- -j16 -l16
