[0.006s] Invoking command in '/home/tom/puzzlebot_ws/build/puzzlebot_gazebo': CMAKE_PREFIX_PATH=/home/tom/puzzlebot_ws/install/puzzlebot_description:/home/tom/puzzlebot_ws/install/puzzlebot_navigation2:/home/tom/ros2_ws/install/tf_examples:/home/tom/ros2_ws/install/talker_listener:/home/tom/ros2_ws/install/puzzlebot_sim:/home/tom/ros2_ws/install/mobile_robotics:/home/tom/ros2_ws/install/mch1_beta:/home/tom/ros2_ws/install/markers:/home/tom/ros2_ws/install/joints_act:/opt/ros/humble /usr/bin/cmake /home/tom/puzzlebot_ws/src/puzzlebot_ros2/puzzlebot_gazebo -DCMAKE_INSTALL_PREFIX=/home/tom/puzzlebot_ws/install/puzzlebot_gazebo
[0.081s] -- The C compiler identification is GNU 11.4.0
[0.132s] -- The CXX compiler identification is GNU 11.4.0
[0.136s] -- Detecting C compiler ABI info
[0.217s] -- Detecting C compiler ABI info - done
[0.228s] -- Check for working C compiler: /usr/bin/cc - skipped
[0.228s] -- Detecting C compile features
[0.228s] -- Detecting C compile features - done
[0.231s] -- Detecting CXX compiler ABI info
[0.324s] -- Detecting CXX compiler ABI info - done
[0.328s] -- Check for working CXX compiler: /usr/bin/c++ - skipped
[0.329s] -- Detecting CXX compile features
[0.329s] -- Detecting CXX compile features - done
[0.331s] -- Found ament_cmake: 1.3.14 (/opt/ros/humble/share/ament_cmake/cmake)
[0.490s] -- Found Python3: /usr/bin/python3 (found version "3.10.12") found components: Interpreter 
[0.615s] -- Configuring done
[0.617s] -- Generating done
[0.618s] -- Build files have been written to: /home/tom/puzzlebot_ws/build/puzzlebot_gazebo
[0.621s] Invoked command in '/home/tom/puzzlebot_ws/build/puzzlebot_gazebo' returned '0': CMAKE_PREFIX_PATH=/home/tom/puzzlebot_ws/install/puzzlebot_description:/home/tom/puzzlebot_ws/install/puzzlebot_navigation2:/home/tom/ros2_ws/install/tf_examples:/home/tom/ros2_ws/install/talker_listener:/home/tom/ros2_ws/install/puzzlebot_sim:/home/tom/ros2_ws/install/mobile_robotics:/home/tom/ros2_ws/install/mch1_beta:/home/tom/ros2_ws/install/markers:/home/tom/ros2_ws/install/joints_act:/opt/ros/humble /usr/bin/cmake /home/tom/puzzlebot_ws/src/puzzlebot_ros2/puzzlebot_gazebo -DCMAKE_INSTALL_PREFIX=/home/tom/puzzlebot_ws/install/puzzlebot_gazebo
[0.623s] Invoking command in '/home/tom/puzzlebot_ws/build/puzzlebot_gazebo': CMAKE_PREFIX_PATH=/home/tom/puzzlebot_ws/install/puzzlebot_description:/home/tom/puzzlebot_ws/install/puzzlebot_navigation2:/home/tom/ros2_ws/install/tf_examples:/home/tom/ros2_ws/install/talker_listener:/home/tom/ros2_ws/install/puzzlebot_sim:/home/tom/ros2_ws/install/mobile_robotics:/home/tom/ros2_ws/install/mch1_beta:/home/tom/ros2_ws/install/markers:/home/tom/ros2_ws/install/joints_act:/opt/ros/humble /usr/bin/cmake --build /home/tom/puzzlebot_ws/build/puzzlebot_gazebo -- -j16 -l16
[0.669s] Invoked command in '/home/tom/puzzlebot_ws/build/puzzlebot_gazebo' returned '0': CMAKE_PREFIX_PATH=/home/tom/puzzlebot_ws/install/puzzlebot_description:/home/tom/puzzlebot_ws/install/puzzlebot_navigation2:/home/tom/ros2_ws/install/tf_examples:/home/tom/ros2_ws/install/talker_listener:/home/tom/ros2_ws/install/puzzlebot_sim:/home/tom/ros2_ws/install/mobile_robotics:/home/tom/ros2_ws/install/mch1_beta:/home/tom/ros2_ws/install/markers:/home/tom/ros2_ws/install/joints_act:/opt/ros/humble /usr/bin/cmake --build /home/tom/puzzlebot_ws/build/puzzlebot_gazebo -- -j16 -l16
[0.671s] Invoking command in '/home/tom/puzzlebot_ws/build/puzzlebot_gazebo': CMAKE_PREFIX_PATH=/home/tom/puzzlebot_ws/install/puzzlebot_description:/home/tom/puzzlebot_ws/install/puzzlebot_navigation2:/home/tom/ros2_ws/install/tf_examples:/home/tom/ros2_ws/install/talker_listener:/home/tom/ros2_ws/install/puzzlebot_sim:/home/tom/ros2_ws/install/mobile_robotics:/home/tom/ros2_ws/install/mch1_beta:/home/tom/ros2_ws/install/markers:/home/tom/ros2_ws/install/joints_act:/opt/ros/humble /usr/bin/cmake --install /home/tom/puzzlebot_ws/build/puzzlebot_gazebo
[0.681s] -- Install configuration: ""
[0.681s] -- Installing: /home/tom/puzzlebot_ws/install/puzzlebot_gazebo/share/puzzlebot_gazebo/launch
[0.681s] -- Installing: /home/tom/puzzlebot_ws/install/puzzlebot_gazebo/share/puzzlebot_gazebo/worlds
[0.682s] -- Installing: /home/tom/puzzlebot_ws/install/puzzlebot_gazebo/share/puzzlebot_gazebo/worlds/maze_world_TPV.world
[0.682s] -- Installing: /home/tom/puzzlebot_ws/install/puzzlebot_gazebo/share/puzzlebot_gazebo/config
[0.682s] -- Installing: /home/tom/puzzlebot_ws/install/puzzlebot_gazebo/share/puzzlebot_gazebo/config/gazebo_bridge.yaml
[0.682s] -- Installing: /home/tom/puzzlebot_ws/install/puzzlebot_gazebo/share/ament_index/resource_index/package_run_dependencies/puzzlebot_gazebo
[0.682s] -- Installing: /home/tom/puzzlebot_ws/install/puzzlebot_gazebo/share/ament_index/resource_index/parent_prefix_path/puzzlebot_gazebo
[0.682s] -- Installing: /home/tom/puzzlebot_ws/install/puzzlebot_gazebo/share/puzzlebot_gazebo/environment/ament_prefix_path.sh
[0.682s] -- Installing: /home/tom/puzzlebot_ws/install/puzzlebot_gazebo/share/puzzlebot_gazebo/environment/ament_prefix_path.dsv
[0.682s] -- Installing: /home/tom/puzzlebot_ws/install/puzzlebot_gazebo/share/puzzlebot_gazebo/environment/path.sh
[0.682s] -- Installing: /home/tom/puzzlebot_ws/install/puzzlebot_gazebo/share/puzzlebot_gazebo/environment/path.dsv
[0.682s] -- Installing: /home/tom/puzzlebot_ws/install/puzzlebot_gazebo/share/puzzlebot_gazebo/local_setup.bash
[0.682s] -- Installing: /home/tom/puzzlebot_ws/install/puzzlebot_gazebo/share/puzzlebot_gazebo/local_setup.sh
[0.683s] -- Installing: /home/tom/puzzlebot_ws/install/puzzlebot_gazebo/share/puzzlebot_gazebo/local_setup.zsh
[0.683s] -- Installing: /home/tom/puzzlebot_ws/install/puzzlebot_gazebo/share/puzzlebot_gazebo/local_setup.dsv
[0.683s] -- Installing: /home/tom/puzzlebot_ws/install/puzzlebot_gazebo/share/puzzlebot_gazebo/package.dsv
[0.683s] -- Installing: /home/tom/puzzlebot_ws/install/puzzlebot_gazebo/share/ament_index/resource_index/packages/puzzlebot_gazebo
[0.683s] -- Installing: /home/tom/puzzlebot_ws/install/puzzlebot_gazebo/share/puzzlebot_gazebo/cmake/puzzlebot_gazeboConfig.cmake
[0.683s] -- Installing: /home/tom/puzzlebot_ws/install/puzzlebot_gazebo/share/puzzlebot_gazebo/cmake/puzzlebot_gazeboConfig-version.cmake
[0.683s] -- Installing: /home/tom/puzzlebot_ws/install/puzzlebot_gazebo/share/puzzlebot_gazebo/package.xml
[0.685s] Invoked command in '/home/tom/puzzlebot_ws/build/puzzlebot_gazebo' returned '0': CMAKE_PREFIX_PATH=/home/tom/puzzlebot_ws/install/puzzlebot_description:/home/tom/puzzlebot_ws/install/puzzlebot_navigation2:/home/tom/ros2_ws/install/tf_examples:/home/tom/ros2_ws/install/talker_listener:/home/tom/ros2_ws/install/puzzlebot_sim:/home/tom/ros2_ws/install/mobile_robotics:/home/tom/ros2_ws/install/mch1_beta:/home/tom/ros2_ws/install/markers:/home/tom/ros2_ws/install/joints_act:/opt/ros/humble /usr/bin/cmake --install /home/tom/puzzlebot_ws/build/puzzlebot_gazebo
