[0.009s] Invoking command in '/home/tom/puzzlebot_ws/build/puzzlebot_navigation2': CMAKE_PREFIX_PATH=/home/tom/puzzlebot_ws/install/puzzlebot_description:/home/tom/puzzlebot_ws/install/puzzlebot_navigation2:/home/tom/puzzlebot_ws/install/puzzlebot_gazebo:/home/tom/ros2_ws/install/tf_examples:/home/tom/ros2_ws/install/talker_listener:/home/tom/ros2_ws/install/puzzlebot_sim:/home/tom/ros2_ws/install/mobile_robotics:/home/tom/ros2_ws/install/mch1_beta:/home/tom/ros2_ws/install/markers:/home/tom/ros2_ws/install/joints_act:/opt/ros/humble /usr/bin/cmake --build /home/tom/puzzlebot_ws/build/puzzlebot_navigation2 -- -j16 -l16
[0.054s] Invoked command in '/home/tom/puzzlebot_ws/build/puzzlebot_navigation2' returned '0': CMAKE_PREFIX_PATH=/home/tom/puzzlebot_ws/install/puzzlebot_description:/home/tom/puzzlebot_ws/install/puzzlebot_navigation2:/home/tom/puzzlebot_ws/install/puzzlebot_gazebo:/home/tom/ros2_ws/install/tf_examples:/home/tom/ros2_ws/install/talker_listener:/home/tom/ros2_ws/install/puzzlebot_sim:/home/tom/ros2_ws/install/mobile_robotics:/home/tom/ros2_ws/install/mch1_beta:/home/tom/ros2_ws/install/markers:/home/tom/ros2_ws/install/joints_act:/opt/ros/humble /usr/bin/cmake --build /home/tom/puzzlebot_ws/build/puzzlebot_navigation2 -- -j16 -l16
[0.055s] Invoking command in '/home/tom/puzzlebot_ws/build/puzzlebot_navigation2': CMAKE_PREFIX_PATH=/home/tom/puzzlebot_ws/install/puzzlebot_description:/home/tom/puzzlebot_ws/install/puzzlebot_navigation2:/home/tom/puzzlebot_ws/install/puzzlebot_gazebo:/home/tom/ros2_ws/install/tf_examples:/home/tom/ros2_ws/install/talker_listener:/home/tom/ros2_ws/install/puzzlebot_sim:/home/tom/ros2_ws/install/mobile_robotics:/home/tom/ros2_ws/install/mch1_beta:/home/tom/ros2_ws/install/markers:/home/tom/ros2_ws/install/joints_act:/opt/ros/humble /usr/bin/cmake --install /home/tom/puzzlebot_ws/build/puzzlebot_navigation2
[0.069s] -- Install configuration: ""
[0.069s] -- Up-to-date: /home/tom/puzzlebot_ws/install/puzzlebot_navigation2/share/puzzlebot_navigation2/config
[0.070s] -- Up-to-date: /home/tom/puzzlebot_ws/install/puzzlebot_navigation2/share/puzzlebot_navigation2/config/slam_toolbox.yaml
[0.070s] -- Up-to-date: /home/tom/puzzlebot_ws/install/puzzlebot_navigation2/share/puzzlebot_navigation2/config/nav2_params.yaml
[0.070s] -- Up-to-date: /home/tom/puzzlebot_ws/install/puzzlebot_navigation2/share/puzzlebot_navigation2/launch
[0.070s] -- Up-to-date: /home/tom/puzzlebot_ws/install/puzzlebot_navigation2/share/puzzlebot_navigation2/launch/nav2_core.launch.xml
[0.070s] -- Up-to-date: /home/tom/puzzlebot_ws/install/puzzlebot_navigation2/share/puzzlebot_navigation2/launch/nav2.launch.xml
[0.071s] -- Up-to-date: /home/tom/puzzlebot_ws/install/puzzlebot_navigation2/share/puzzlebot_navigation2/launch/slam.launch.xml
[0.071s] -- Up-to-date: /home/tom/puzzlebot_ws/install/puzzlebot_navigation2/share/puzzlebot_navigation2/launch/slam_core.launch.xml
[0.071s] -- Up-to-date: /home/tom/puzzlebot_ws/install/puzzlebot_navigation2/share/puzzlebot_navigation2/maps
[0.071s] -- Up-to-date: /home/tom/puzzlebot_ws/install/puzzlebot_navigation2/share/puzzlebot_navigation2/maps/map_maze.pgm
[0.072s] -- Up-to-date: /home/tom/puzzlebot_ws/install/puzzlebot_navigation2/share/puzzlebot_navigation2/maps/map_maze.yaml
[0.072s] -- Up-to-date: /home/tom/puzzlebot_ws/install/puzzlebot_navigation2/share/puzzlebot_navigation2/rviz
[0.072s] -- Up-to-date: /home/tom/puzzlebot_ws/install/puzzlebot_navigation2/share/puzzlebot_navigation2/rviz/nav2.rviz
[0.072s] -- Up-to-date: /home/tom/puzzlebot_ws/install/puzzlebot_navigation2/share/puzzlebot_navigation2/rviz/slam.rviz
[0.072s] -- Up-to-date: /home/tom/puzzlebot_ws/install/puzzlebot_navigation2/share/ament_index/resource_index/package_run_dependencies/puzzlebot_navigation2
[0.073s] -- Up-to-date: /home/tom/puzzlebot_ws/install/puzzlebot_navigation2/share/ament_index/resource_index/parent_prefix_path/puzzlebot_navigation2
[0.073s] -- Up-to-date: /home/tom/puzzlebot_ws/install/puzzlebot_navigation2/share/puzzlebot_navigation2/environment/ament_prefix_path.sh
[0.073s] -- Up-to-date: /home/tom/puzzlebot_ws/install/puzzlebot_navigation2/share/puzzlebot_navigation2/environment/ament_prefix_path.dsv
[0.073s] -- Up-to-date: /home/tom/puzzlebot_ws/install/puzzlebot_navigation2/share/puzzlebot_navigation2/environment/path.sh
[0.073s] -- Up-to-date: /home/tom/puzzlebot_ws/install/puzzlebot_navigation2/share/puzzlebot_navigation2/environment/path.dsv
[0.074s] -- Up-to-date: /home/tom/puzzlebot_ws/install/puzzlebot_navigation2/share/puzzlebot_navigation2/local_setup.bash
[0.074s] -- Up-to-date: /home/tom/puzzlebot_ws/install/puzzlebot_navigation2/share/puzzlebot_navigation2/local_setup.sh
[0.074s] -- Up-to-date: /home/tom/puzzlebot_ws/install/puzzlebot_navigation2/share/puzzlebot_navigation2/local_setup.zsh
[0.074s] -- Up-to-date: /home/tom/puzzlebot_ws/install/puzzlebot_navigation2/share/puzzlebot_navigation2/local_setup.dsv
[0.074s] -- Installing: /home/tom/puzzlebot_ws/install/puzzlebot_navigation2/share/puzzlebot_navigation2/package.dsv
[0.075s] -- Up-to-date: /home/tom/puzzlebot_ws/install/puzzlebot_navigation2/share/ament_index/resource_index/packages/puzzlebot_navigation2
[0.075s] -- Up-to-date: /home/tom/puzzlebot_ws/install/puzzlebot_navigation2/share/puzzlebot_navigation2/cmake/puzzlebot_navigation2Config.cmake
[0.075s] -- Up-to-date: /home/tom/puzzlebot_ws/install/puzzlebot_navigation2/share/puzzlebot_navigation2/cmake/puzzlebot_navigation2Config-version.cmake
[0.075s] -- Up-to-date: /home/tom/puzzlebot_ws/install/puzzlebot_navigation2/share/puzzlebot_navigation2/package.xml
[0.084s] Invoked command in '/home/tom/puzzlebot_ws/build/puzzlebot_navigation2' returned '0': CMAKE_PREFIX_PATH=/home/tom/puzzlebot_ws/install/puzzlebot_description:/home/tom/puzzlebot_ws/install/puzzlebot_navigation2:/home/tom/puzzlebot_ws/install/puzzlebot_gazebo:/home/tom/ros2_ws/install/tf_examples:/home/tom/ros2_ws/install/talker_listener:/home/tom/ros2_ws/install/puzzlebot_sim:/home/tom/ros2_ws/install/mobile_robotics:/home/tom/ros2_ws/install/mch1_beta:/home/tom/ros2_ws/install/markers:/home/tom/ros2_ws/install/joints_act:/opt/ros/humble /usr/bin/cmake --install /home/tom/puzzlebot_ws/build/puzzlebot_navigation2
