[0.075s] DEBUG:colcon:Command line arguments: ['/usr/bin/colcon', 'build']
[0.075s] DEBUG:colcon:Parsed command line arguments: Namespace(log_base=None, log_level=None, verb_name='build', build_base='build', install_base='install', merge_install=False, symlink_install=False, test_result_base=None, continue_on_error=False, executor='parallel', parallel_workers=16, event_handlers=None, ignore_user_meta=False, metas=['./colcon.meta'], base_paths=['.'], packages_ignore=None, packages_ignore_regex=None, paths=None, packages_up_to=None, packages_up_to_regex=None, packages_above=None, packages_above_and_dependencies=None, packages_above_depth=None, packages_select_by_dep=None, packages_skip_by_dep=None, packages_skip_up_to=None, packages_select_build_failed=False, packages_skip_build_finished=False, packages_select_test_failures=False, packages_skip_test_passed=False, packages_select=None, packages_skip=None, packages_select_regex=None, packages_skip_regex=None, packages_start=None, packages_end=None, allow_overriding=[], cmake_args=None, cmake_target=None, cmake_target_skip_unavailable=False, cmake_clean_cache=False, cmake_clean_first=False, cmake_force_configure=False, ament_cmake_args=None, catkin_cmake_args=None, catkin_skip_building_tests=False, mixin_files=None, mixin=None, verb_parser=<colcon_mixin.mixin.mixin_argument.MixinArgumentDecorator object at 0x6fffcc184e80>, verb_extension=<colcon_core.verb.build.BuildVerb object at 0x6fffcc184160>, main=<bound method BuildVerb.main of <colcon_core.verb.build.BuildVerb object at 0x6fffcc184160>>, mixin_verb=('build',))
[0.181s] Level 1:colcon.colcon_core.package_discovery:discover_packages(colcon_meta) check parameters
[0.181s] Level 1:colcon.colcon_core.package_discovery:discover_packages(recursive) check parameters
[0.181s] Level 1:colcon.colcon_core.package_discovery:discover_packages(ignore) check parameters
[0.182s] Level 1:colcon.colcon_core.package_discovery:discover_packages(path) check parameters
[0.182s] Level 1:colcon.colcon_core.package_discovery:discover_packages(colcon_meta) discover
[0.182s] Level 1:colcon.colcon_core.package_discovery:discover_packages(recursive) discover
[0.182s] INFO:colcon.colcon_core.package_discovery:Crawling recursively for packages in '/home/tom/puzzlebot_ws'
[0.182s] Level 1:colcon.colcon_core.package_identification:_identify(.) by extensions ['ignore', 'ignore_ament_install']
[0.182s] Level 1:colcon.colcon_core.package_identification:_identify(.) by extension 'ignore'
[0.182s] Level 1:colcon.colcon_core.package_identification:_identify(.) by extension 'ignore_ament_install'
[0.182s] Level 1:colcon.colcon_core.package_identification:_identify(.) by extensions ['colcon_pkg']
[0.182s] Level 1:colcon.colcon_core.package_identification:_identify(.) by extension 'colcon_pkg'
[0.182s] Level 1:colcon.colcon_core.package_identification:_identify(.) by extensions ['colcon_meta']
[0.182s] Level 1:colcon.colcon_core.package_identification:_identify(.) by extension 'colcon_meta'
[0.182s] Level 1:colcon.colcon_core.package_identification:_identify(.) by extensions ['ros']
[0.182s] Level 1:colcon.colcon_core.package_identification:_identify(.) by extension 'ros'
[0.189s] Level 1:colcon.colcon_core.package_identification:_identify(.) by extensions ['cmake', 'python']
[0.189s] Level 1:colcon.colcon_core.package_identification:_identify(.) by extension 'cmake'
[0.189s] Level 1:colcon.colcon_core.package_identification:_identify(.) by extension 'python'
[0.189s] Level 1:colcon.colcon_core.package_identification:_identify(.) by extensions ['python_setup_py']
[0.189s] Level 1:colcon.colcon_core.package_identification:_identify(.) by extension 'python_setup_py'
[0.189s] Level 1:colcon.colcon_core.package_identification:_identify(build) by extensions ['ignore', 'ignore_ament_install']
[0.189s] Level 1:colcon.colcon_core.package_identification:_identify(build) by extension 'ignore'
[0.189s] Level 1:colcon.colcon_core.package_identification:_identify(build) ignored
[0.189s] Level 1:colcon.colcon_core.package_identification:_identify(install) by extensions ['ignore', 'ignore_ament_install']
[0.189s] Level 1:colcon.colcon_core.package_identification:_identify(install) by extension 'ignore'
[0.189s] Level 1:colcon.colcon_core.package_identification:_identify(install) ignored
[0.189s] Level 1:colcon.colcon_core.package_identification:_identify(log) by extensions ['ignore', 'ignore_ament_install']
[0.189s] Level 1:colcon.colcon_core.package_identification:_identify(log) by extension 'ignore'
[0.189s] Level 1:colcon.colcon_core.package_identification:_identify(log) ignored
[0.189s] Level 1:colcon.colcon_core.package_identification:_identify(src) by extensions ['ignore', 'ignore_ament_install']
[0.190s] Level 1:colcon.colcon_core.package_identification:_identify(src) by extension 'ignore'
[0.190s] Level 1:colcon.colcon_core.package_identification:_identify(src) by extension 'ignore_ament_install'
[0.190s] Level 1:colcon.colcon_core.package_identification:_identify(src) by extensions ['colcon_pkg']
[0.190s] Level 1:colcon.colcon_core.package_identification:_identify(src) by extension 'colcon_pkg'
[0.190s] Level 1:colcon.colcon_core.package_identification:_identify(src) by extensions ['colcon_meta']
[0.190s] Level 1:colcon.colcon_core.package_identification:_identify(src) by extension 'colcon_meta'
[0.190s] Level 1:colcon.colcon_core.package_identification:_identify(src) by extensions ['ros']
[0.190s] Level 1:colcon.colcon_core.package_identification:_identify(src) by extension 'ros'
[0.190s] Level 1:colcon.colcon_core.package_identification:_identify(src) by extensions ['cmake', 'python']
[0.190s] Level 1:colcon.colcon_core.package_identification:_identify(src) by extension 'cmake'
[0.190s] Level 1:colcon.colcon_core.package_identification:_identify(src) by extension 'python'
[0.190s] Level 1:colcon.colcon_core.package_identification:_identify(src) by extensions ['python_setup_py']
[0.190s] Level 1:colcon.colcon_core.package_identification:_identify(src) by extension 'python_setup_py'
[0.190s] Level 1:colcon.colcon_core.package_identification:_identify(src/puzzlebot_ros2) by extensions ['ignore', 'ignore_ament_install']
[0.190s] Level 1:colcon.colcon_core.package_identification:_identify(src/puzzlebot_ros2) by extension 'ignore'
[0.190s] Level 1:colcon.colcon_core.package_identification:_identify(src/puzzlebot_ros2) by extension 'ignore_ament_install'
[0.190s] Level 1:colcon.colcon_core.package_identification:_identify(src/puzzlebot_ros2) by extensions ['colcon_pkg']
[0.190s] Level 1:colcon.colcon_core.package_identification:_identify(src/puzzlebot_ros2) by extension 'colcon_pkg'
[0.190s] Level 1:colcon.colcon_core.package_identification:_identify(src/puzzlebot_ros2) by extensions ['colcon_meta']
[0.190s] Level 1:colcon.colcon_core.package_identification:_identify(src/puzzlebot_ros2) by extension 'colcon_meta'
[0.190s] Level 1:colcon.colcon_core.package_identification:_identify(src/puzzlebot_ros2) by extensions ['ros']
[0.190s] Level 1:colcon.colcon_core.package_identification:_identify(src/puzzlebot_ros2) by extension 'ros'
[0.190s] Level 1:colcon.colcon_core.package_identification:_identify(src/puzzlebot_ros2) by extensions ['cmake', 'python']
[0.190s] Level 1:colcon.colcon_core.package_identification:_identify(src/puzzlebot_ros2) by extension 'cmake'
[0.190s] Level 1:colcon.colcon_core.package_identification:_identify(src/puzzlebot_ros2) by extension 'python'
[0.190s] Level 1:colcon.colcon_core.package_identification:_identify(src/puzzlebot_ros2) by extensions ['python_setup_py']
[0.190s] Level 1:colcon.colcon_core.package_identification:_identify(src/puzzlebot_ros2) by extension 'python_setup_py'
[0.190s] Level 1:colcon.colcon_core.package_identification:_identify(src/puzzlebot_ros2/puzzlebot_description) by extensions ['ignore', 'ignore_ament_install']
[0.190s] Level 1:colcon.colcon_core.package_identification:_identify(src/puzzlebot_ros2/puzzlebot_description) by extension 'ignore'
[0.190s] Level 1:colcon.colcon_core.package_identification:_identify(src/puzzlebot_ros2/puzzlebot_description) by extension 'ignore_ament_install'
[0.190s] Level 1:colcon.colcon_core.package_identification:_identify(src/puzzlebot_ros2/puzzlebot_description) by extensions ['colcon_pkg']
[0.190s] Level 1:colcon.colcon_core.package_identification:_identify(src/puzzlebot_ros2/puzzlebot_description) by extension 'colcon_pkg'
[0.190s] Level 1:colcon.colcon_core.package_identification:_identify(src/puzzlebot_ros2/puzzlebot_description) by extensions ['colcon_meta']
[0.190s] Level 1:colcon.colcon_core.package_identification:_identify(src/puzzlebot_ros2/puzzlebot_description) by extension 'colcon_meta'
[0.190s] Level 1:colcon.colcon_core.package_identification:_identify(src/puzzlebot_ros2/puzzlebot_description) by extensions ['ros']
[0.190s] Level 1:colcon.colcon_core.package_identification:_identify(src/puzzlebot_ros2/puzzlebot_description) by extension 'ros'
[0.193s] DEBUG:colcon.colcon_core.package_identification:Package 'src/puzzlebot_ros2/puzzlebot_description' with type 'ros.ament_cmake' and name 'puzzlebot_description'
[0.193s] Level 1:colcon.colcon_core.package_identification:_identify(src/puzzlebot_ros2/puzzlebot_gazebo) by extensions ['ignore', 'ignore_ament_install']
[0.193s] Level 1:colcon.colcon_core.package_identification:_identify(src/puzzlebot_ros2/puzzlebot_gazebo) by extension 'ignore'
[0.193s] Level 1:colcon.colcon_core.package_identification:_identify(src/puzzlebot_ros2/puzzlebot_gazebo) by extension 'ignore_ament_install'
[0.193s] Level 1:colcon.colcon_core.package_identification:_identify(src/puzzlebot_ros2/puzzlebot_gazebo) by extensions ['colcon_pkg']
[0.193s] Level 1:colcon.colcon_core.package_identification:_identify(src/puzzlebot_ros2/puzzlebot_gazebo) by extension 'colcon_pkg'
[0.193s] Level 1:colcon.colcon_core.package_identification:_identify(src/puzzlebot_ros2/puzzlebot_gazebo) by extensions ['colcon_meta']
[0.193s] Level 1:colcon.colcon_core.package_identification:_identify(src/puzzlebot_ros2/puzzlebot_gazebo) by extension 'colcon_meta'
[0.193s] Level 1:colcon.colcon_core.package_identification:_identify(src/puzzlebot_ros2/puzzlebot_gazebo) by extensions ['ros']
[0.193s] Level 1:colcon.colcon_core.package_identification:_identify(src/puzzlebot_ros2/puzzlebot_gazebo) by extension 'ros'
[0.193s] DEBUG:colcon.colcon_core.package_identification:Package 'src/puzzlebot_ros2/puzzlebot_gazebo' with type 'ros.ament_cmake' and name 'puzzlebot_gazebo'
[0.193s] Level 1:colcon.colcon_core.package_identification:_identify(src/puzzlebot_ros2/puzzlebot_navigation2) by extensions ['ignore', 'ignore_ament_install']
[0.193s] Level 1:colcon.colcon_core.package_identification:_identify(src/puzzlebot_ros2/puzzlebot_navigation2) by extension 'ignore'
[0.193s] Level 1:colcon.colcon_core.package_identification:_identify(src/puzzlebot_ros2/puzzlebot_navigation2) by extension 'ignore_ament_install'
[0.193s] Level 1:colcon.colcon_core.package_identification:_identify(src/puzzlebot_ros2/puzzlebot_navigation2) by extensions ['colcon_pkg']
[0.193s] Level 1:colcon.colcon_core.package_identification:_identify(src/puzzlebot_ros2/puzzlebot_navigation2) by extension 'colcon_pkg'
[0.193s] Level 1:colcon.colcon_core.package_identification:_identify(src/puzzlebot_ros2/puzzlebot_navigation2) by extensions ['colcon_meta']
[0.193s] Level 1:colcon.colcon_core.package_identification:_identify(src/puzzlebot_ros2/puzzlebot_navigation2) by extension 'colcon_meta'
[0.193s] Level 1:colcon.colcon_core.package_identification:_identify(src/puzzlebot_ros2/puzzlebot_navigation2) by extensions ['ros']
[0.193s] Level 1:colcon.colcon_core.package_identification:_identify(src/puzzlebot_ros2/puzzlebot_navigation2) by extension 'ros'
[0.194s] DEBUG:colcon.colcon_core.package_identification:Package 'src/puzzlebot_ros2/puzzlebot_navigation2' with type 'ros.ament_cmake' and name 'puzzlebot_navigation2'
[0.194s] Level 1:colcon.colcon_core.package_discovery:discover_packages(recursive) using defaults
[0.194s] Level 1:colcon.colcon_core.package_discovery:discover_packages(ignore) discover
[0.194s] Level 1:colcon.colcon_core.package_discovery:discover_packages(ignore) using defaults
[0.194s] Level 1:colcon.colcon_core.package_discovery:discover_packages(path) discover
[0.194s] Level 1:colcon.colcon_core.package_discovery:discover_packages(path) using defaults
[0.212s] Level 1:colcon.colcon_core.package_discovery:discover_packages(prefix_path) check parameters
[0.213s] Level 1:colcon.colcon_core.package_discovery:discover_packages(prefix_path) discover
[0.214s] DEBUG:colcon.colcon_installed_package_information.package_discovery:Found 2 installed packages in /home/tom/puzzlebot_ws/install
[0.214s] DEBUG:colcon.colcon_installed_package_information.package_discovery:Found 7 installed packages in /home/tom/ros2_ws/install
[0.215s] DEBUG:colcon.colcon_installed_package_information.package_discovery:Found 461 installed packages in /opt/ros/humble
[0.216s] Level 1:colcon.colcon_core.package_discovery:discover_packages(prefix_path) using defaults
[0.249s] Level 5:colcon.colcon_core.verb:set package 'puzzlebot_description' build argument 'cmake_args' from command line to 'None'
[0.249s] Level 5:colcon.colcon_core.verb:set package 'puzzlebot_description' build argument 'cmake_target' from command line to 'None'
[0.249s] Level 5:colcon.colcon_core.verb:set package 'puzzlebot_description' build argument 'cmake_target_skip_unavailable' from command line to 'False'
[0.249s] Level 5:colcon.colcon_core.verb:set package 'puzzlebot_description' build argument 'cmake_clean_cache' from command line to 'False'
[0.249s] Level 5:colcon.colcon_core.verb:set package 'puzzlebot_description' build argument 'cmake_clean_first' from command line to 'False'
[0.249s] Level 5:colcon.colcon_core.verb:set package 'puzzlebot_description' build argument 'cmake_force_configure' from command line to 'False'
[0.249s] Level 5:colcon.colcon_core.verb:set package 'puzzlebot_description' build argument 'ament_cmake_args' from command line to 'None'
[0.249s] Level 5:colcon.colcon_core.verb:set package 'puzzlebot_description' build argument 'catkin_cmake_args' from command line to 'None'
[0.249s] Level 5:colcon.colcon_core.verb:set package 'puzzlebot_description' build argument 'catkin_skip_building_tests' from command line to 'False'
[0.249s] DEBUG:colcon.colcon_core.verb:Building package 'puzzlebot_description' with the following arguments: {'ament_cmake_args': None, 'build_base': '/home/tom/puzzlebot_ws/build/puzzlebot_description', 'catkin_cmake_args': None, 'catkin_skip_building_tests': False, 'cmake_args': None, 'cmake_clean_cache': False, 'cmake_clean_first': False, 'cmake_force_configure': False, 'cmake_target': None, 'cmake_target_skip_unavailable': False, 'install_base': '/home/tom/puzzlebot_ws/install/puzzlebot_description', 'merge_install': False, 'path': '/home/tom/puzzlebot_ws/src/puzzlebot_ros2/puzzlebot_description', 'symlink_install': False, 'test_result_base': None}
[0.249s] Level 5:colcon.colcon_core.verb:set package 'puzzlebot_navigation2' build argument 'cmake_args' from command line to 'None'
[0.249s] Level 5:colcon.colcon_core.verb:set package 'puzzlebot_navigation2' build argument 'cmake_target' from command line to 'None'
[0.249s] Level 5:colcon.colcon_core.verb:set package 'puzzlebot_navigation2' build argument 'cmake_target_skip_unavailable' from command line to 'False'
[0.249s] Level 5:colcon.colcon_core.verb:set package 'puzzlebot_navigation2' build argument 'cmake_clean_cache' from command line to 'False'
[0.249s] Level 5:colcon.colcon_core.verb:set package 'puzzlebot_navigation2' build argument 'cmake_clean_first' from command line to 'False'
[0.249s] Level 5:colcon.colcon_core.verb:set package 'puzzlebot_navigation2' build argument 'cmake_force_configure' from command line to 'False'
[0.249s] Level 5:colcon.colcon_core.verb:set package 'puzzlebot_navigation2' build argument 'ament_cmake_args' from command line to 'None'
[0.249s] Level 5:colcon.colcon_core.verb:set package 'puzzlebot_navigation2' build argument 'catkin_cmake_args' from command line to 'None'
[0.249s] Level 5:colcon.colcon_core.verb:set package 'puzzlebot_navigation2' build argument 'catkin_skip_building_tests' from command line to 'False'
[0.249s] DEBUG:colcon.colcon_core.verb:Building package 'puzzlebot_navigation2' with the following arguments: {'ament_cmake_args': None, 'build_base': '/home/tom/puzzlebot_ws/build/puzzlebot_navigation2', 'catkin_cmake_args': None, 'catkin_skip_building_tests': False, 'cmake_args': None, 'cmake_clean_cache': False, 'cmake_clean_first': False, 'cmake_force_configure': False, 'cmake_target': None, 'cmake_target_skip_unavailable': False, 'install_base': '/home/tom/puzzlebot_ws/install/puzzlebot_navigation2', 'merge_install': False, 'path': '/home/tom/puzzlebot_ws/src/puzzlebot_ros2/puzzlebot_navigation2', 'symlink_install': False, 'test_result_base': None}
[0.249s] Level 5:colcon.colcon_core.verb:set package 'puzzlebot_gazebo' build argument 'cmake_args' from command line to 'None'
[0.249s] Level 5:colcon.colcon_core.verb:set package 'puzzlebot_gazebo' build argument 'cmake_target' from command line to 'None'
[0.249s] Level 5:colcon.colcon_core.verb:set package 'puzzlebot_gazebo' build argument 'cmake_target_skip_unavailable' from command line to 'False'
[0.249s] Level 5:colcon.colcon_core.verb:set package 'puzzlebot_gazebo' build argument 'cmake_clean_cache' from command line to 'False'
[0.249s] Level 5:colcon.colcon_core.verb:set package 'puzzlebot_gazebo' build argument 'cmake_clean_first' from command line to 'False'
[0.249s] Level 5:colcon.colcon_core.verb:set package 'puzzlebot_gazebo' build argument 'cmake_force_configure' from command line to 'False'
[0.249s] Level 5:colcon.colcon_core.verb:set package 'puzzlebot_gazebo' build argument 'ament_cmake_args' from command line to 'None'
[0.249s] Level 5:colcon.colcon_core.verb:set package 'puzzlebot_gazebo' build argument 'catkin_cmake_args' from command line to 'None'
[0.249s] Level 5:colcon.colcon_core.verb:set package 'puzzlebot_gazebo' build argument 'catkin_skip_building_tests' from command line to 'False'
[0.249s] DEBUG:colcon.colcon_core.verb:Building package 'puzzlebot_gazebo' with the following arguments: {'ament_cmake_args': None, 'build_base': '/home/tom/puzzlebot_ws/build/puzzlebot_gazebo', 'catkin_cmake_args': None, 'catkin_skip_building_tests': False, 'cmake_args': None, 'cmake_clean_cache': False, 'cmake_clean_first': False, 'cmake_force_configure': False, 'cmake_target': None, 'cmake_target_skip_unavailable': False, 'install_base': '/home/tom/puzzlebot_ws/install/puzzlebot_gazebo', 'merge_install': False, 'path': '/home/tom/puzzlebot_ws/src/puzzlebot_ros2/puzzlebot_gazebo', 'symlink_install': False, 'test_result_base': None}
[0.250s] INFO:colcon.colcon_core.executor:Executing jobs using 'parallel' executor
[0.250s] DEBUG:colcon.colcon_parallel_executor.executor.parallel:run_until_complete
[0.250s] INFO:colcon.colcon_ros.task.ament_cmake.build:Building ROS package in '/home/tom/puzzlebot_ws/src/puzzlebot_ros2/puzzlebot_description' with build type 'ament_cmake'
[0.251s] INFO:colcon.colcon_cmake.task.cmake.build:Building CMake package in '/home/tom/puzzlebot_ws/src/puzzlebot_ros2/puzzlebot_description'
[0.252s] INFO:colcon.colcon_core.plugin_system:Skipping extension 'colcon_core.shell.bat': Not used on non-Windows systems
[0.252s] INFO:colcon.colcon_core.shell:Skip shell extension 'powershell' for command environment: Not usable outside of PowerShell
[0.252s] DEBUG:colcon.colcon_core.shell:Skip shell extension 'dsv' for command environment
[0.255s] INFO:colcon.colcon_ros.task.ament_cmake.build:Building ROS package in '/home/tom/puzzlebot_ws/src/puzzlebot_ros2/puzzlebot_navigation2' with build type 'ament_cmake'
[0.255s] INFO:colcon.colcon_cmake.task.cmake.build:Building CMake package in '/home/tom/puzzlebot_ws/src/puzzlebot_ros2/puzzlebot_navigation2'
[0.256s] INFO:colcon.colcon_core.shell:Skip shell extension 'powershell' for command environment: Not usable outside of PowerShell
[0.256s] DEBUG:colcon.colcon_core.shell:Skip shell extension 'dsv' for command environment
[0.261s] DEBUG:colcon.colcon_core.event_handler.log_command:Invoking command in '/home/tom/puzzlebot_ws/build/puzzlebot_description': CMAKE_PREFIX_PATH=${CMAKE_PREFIX_PATH}:/home/tom/ros2_ws/install/tf_examples:/home/tom/ros2_ws/install/talker_listener:/home/tom/ros2_ws/install/puzzlebot_sim:/home/tom/ros2_ws/install/mobile_robotics:/home/tom/ros2_ws/install/mch1_beta:/home/tom/ros2_ws/install/markers:/home/tom/ros2_ws/install/joints_act:/opt/ros/humble /usr/bin/cmake --build /home/tom/puzzlebot_ws/build/puzzlebot_description -- -j16 -l16
[0.264s] DEBUG:colcon.colcon_core.event_handler.log_command:Invoking command in '/home/tom/puzzlebot_ws/build/puzzlebot_navigation2': CMAKE_PREFIX_PATH=${CMAKE_PREFIX_PATH}:/home/tom/ros2_ws/install/tf_examples:/home/tom/ros2_ws/install/talker_listener:/home/tom/ros2_ws/install/puzzlebot_sim:/home/tom/ros2_ws/install/mobile_robotics:/home/tom/ros2_ws/install/mch1_beta:/home/tom/ros2_ws/install/markers:/home/tom/ros2_ws/install/joints_act:/opt/ros/humble /usr/bin/cmake --build /home/tom/puzzlebot_ws/build/puzzlebot_navigation2 -- -j16 -l16
[0.292s] DEBUG:colcon.colcon_core.event_handler.log_command:Invoked command in '/home/tom/puzzlebot_ws/build/puzzlebot_navigation2' returned '0': CMAKE_PREFIX_PATH=${CMAKE_PREFIX_PATH}:/home/tom/ros2_ws/install/tf_examples:/home/tom/ros2_ws/install/talker_listener:/home/tom/ros2_ws/install/puzzlebot_sim:/home/tom/ros2_ws/install/mobile_robotics:/home/tom/ros2_ws/install/mch1_beta:/home/tom/ros2_ws/install/markers:/home/tom/ros2_ws/install/joints_act:/opt/ros/humble /usr/bin/cmake --build /home/tom/puzzlebot_ws/build/puzzlebot_navigation2 -- -j16 -l16
[0.300s] DEBUG:colcon.colcon_core.event_handler.log_command:Invoking command in '/home/tom/puzzlebot_ws/build/puzzlebot_navigation2': CMAKE_PREFIX_PATH=${CMAKE_PREFIX_PATH}:/home/tom/ros2_ws/install/tf_examples:/home/tom/ros2_ws/install/talker_listener:/home/tom/ros2_ws/install/puzzlebot_sim:/home/tom/ros2_ws/install/mobile_robotics:/home/tom/ros2_ws/install/mch1_beta:/home/tom/ros2_ws/install/markers:/home/tom/ros2_ws/install/joints_act:/opt/ros/humble /usr/bin/cmake --install /home/tom/puzzlebot_ws/build/puzzlebot_navigation2
[0.307s] Level 1:colcon.colcon_core.environment:create_environment_scripts_only(puzzlebot_navigation2)
[0.308s] DEBUG:colcon.colcon_core.event_handler.log_command:Invoked command in '/home/tom/puzzlebot_ws/build/puzzlebot_navigation2' returned '0': CMAKE_PREFIX_PATH=${CMAKE_PREFIX_PATH}:/home/tom/ros2_ws/install/tf_examples:/home/tom/ros2_ws/install/talker_listener:/home/tom/ros2_ws/install/puzzlebot_sim:/home/tom/ros2_ws/install/mobile_robotics:/home/tom/ros2_ws/install/mch1_beta:/home/tom/ros2_ws/install/markers:/home/tom/ros2_ws/install/joints_act:/opt/ros/humble /usr/bin/cmake --install /home/tom/puzzlebot_ws/build/puzzlebot_navigation2
[0.309s] Level 1:colcon.colcon_core.environment:checking '/home/tom/puzzlebot_ws/install/puzzlebot_navigation2' for CMake module files
[0.310s] Level 1:colcon.colcon_core.environment:checking '/home/tom/puzzlebot_ws/install/puzzlebot_navigation2' for CMake config files
[0.310s] Level 1:colcon.colcon_core.shell:create_environment_hook('puzzlebot_navigation2', 'cmake_prefix_path')
[0.310s] INFO:colcon.colcon_core.shell:Creating environment hook '/home/tom/puzzlebot_ws/install/puzzlebot_navigation2/share/puzzlebot_navigation2/hook/cmake_prefix_path.ps1'
[0.310s] INFO:colcon.colcon_core.shell:Creating environment descriptor '/home/tom/puzzlebot_ws/install/puzzlebot_navigation2/share/puzzlebot_navigation2/hook/cmake_prefix_path.dsv'
[0.311s] INFO:colcon.colcon_core.shell:Creating environment hook '/home/tom/puzzlebot_ws/install/puzzlebot_navigation2/share/puzzlebot_navigation2/hook/cmake_prefix_path.sh'
[0.311s] Level 1:colcon.colcon_core.environment:checking '/home/tom/puzzlebot_ws/install/puzzlebot_navigation2/bin'
[0.311s] Level 1:colcon.colcon_core.environment:checking '/home/tom/puzzlebot_ws/install/puzzlebot_navigation2/lib/pkgconfig/puzzlebot_navigation2.pc'
[0.312s] Level 1:colcon.colcon_core.environment:checking '/home/tom/puzzlebot_ws/install/puzzlebot_navigation2/lib/python3.10/site-packages'
[0.312s] Level 1:colcon.colcon_core.environment:checking '/home/tom/puzzlebot_ws/install/puzzlebot_navigation2/bin'
[0.312s] INFO:colcon.colcon_core.shell:Creating package script '/home/tom/puzzlebot_ws/install/puzzlebot_navigation2/share/puzzlebot_navigation2/package.ps1'
[0.313s] INFO:colcon.colcon_core.shell:Creating package descriptor '/home/tom/puzzlebot_ws/install/puzzlebot_navigation2/share/puzzlebot_navigation2/package.dsv'
[0.313s] INFO:colcon.colcon_core.shell:Creating package script '/home/tom/puzzlebot_ws/install/puzzlebot_navigation2/share/puzzlebot_navigation2/package.sh'
[0.314s] INFO:colcon.colcon_core.shell:Creating package script '/home/tom/puzzlebot_ws/install/puzzlebot_navigation2/share/puzzlebot_navigation2/package.bash'
[0.314s] INFO:colcon.colcon_core.shell:Creating package script '/home/tom/puzzlebot_ws/install/puzzlebot_navigation2/share/puzzlebot_navigation2/package.zsh'
[0.314s] Level 1:colcon.colcon_core.environment:create_file_with_runtime_dependencies(/home/tom/puzzlebot_ws/install/puzzlebot_navigation2/share/colcon-core/packages/puzzlebot_navigation2)
[0.315s] Level 1:colcon.colcon_core.environment:create_environment_scripts_only(puzzlebot_navigation2)
[0.315s] Level 1:colcon.colcon_core.environment:checking '/home/tom/puzzlebot_ws/install/puzzlebot_navigation2' for CMake module files
[0.315s] Level 1:colcon.colcon_core.environment:checking '/home/tom/puzzlebot_ws/install/puzzlebot_navigation2' for CMake config files
[0.315s] Level 1:colcon.colcon_core.shell:create_environment_hook('puzzlebot_navigation2', 'cmake_prefix_path')
[0.315s] INFO:colcon.colcon_core.shell:Creating environment hook '/home/tom/puzzlebot_ws/install/puzzlebot_navigation2/share/puzzlebot_navigation2/hook/cmake_prefix_path.ps1'
[0.316s] INFO:colcon.colcon_core.shell:Creating environment descriptor '/home/tom/puzzlebot_ws/install/puzzlebot_navigation2/share/puzzlebot_navigation2/hook/cmake_prefix_path.dsv'
[0.316s] INFO:colcon.colcon_core.shell:Creating environment hook '/home/tom/puzzlebot_ws/install/puzzlebot_navigation2/share/puzzlebot_navigation2/hook/cmake_prefix_path.sh'
[0.316s] Level 1:colcon.colcon_core.environment:checking '/home/tom/puzzlebot_ws/install/puzzlebot_navigation2/bin'
[0.316s] Level 1:colcon.colcon_core.environment:checking '/home/tom/puzzlebot_ws/install/puzzlebot_navigation2/lib/pkgconfig/puzzlebot_navigation2.pc'
[0.316s] Level 1:colcon.colcon_core.environment:checking '/home/tom/puzzlebot_ws/install/puzzlebot_navigation2/lib/python3.10/site-packages'
[0.317s] Level 1:colcon.colcon_core.environment:checking '/home/tom/puzzlebot_ws/install/puzzlebot_navigation2/bin'
[0.317s] INFO:colcon.colcon_core.shell:Creating package script '/home/tom/puzzlebot_ws/install/puzzlebot_navigation2/share/puzzlebot_navigation2/package.ps1'
[0.317s] INFO:colcon.colcon_core.shell:Creating package descriptor '/home/tom/puzzlebot_ws/install/puzzlebot_navigation2/share/puzzlebot_navigation2/package.dsv'
[0.318s] INFO:colcon.colcon_core.shell:Creating package script '/home/tom/puzzlebot_ws/install/puzzlebot_navigation2/share/puzzlebot_navigation2/package.sh'
[0.318s] INFO:colcon.colcon_core.shell:Creating package script '/home/tom/puzzlebot_ws/install/puzzlebot_navigation2/share/puzzlebot_navigation2/package.bash'
[0.318s] INFO:colcon.colcon_core.shell:Creating package script '/home/tom/puzzlebot_ws/install/puzzlebot_navigation2/share/puzzlebot_navigation2/package.zsh'
[0.318s] Level 1:colcon.colcon_core.environment:create_file_with_runtime_dependencies(/home/tom/puzzlebot_ws/install/puzzlebot_navigation2/share/colcon-core/packages/puzzlebot_navigation2)
[0.461s] DEBUG:colcon.colcon_core.event_handler.log_command:Invoked command in '/home/tom/puzzlebot_ws/build/puzzlebot_description' returned '0': CMAKE_PREFIX_PATH=${CMAKE_PREFIX_PATH}:/home/tom/ros2_ws/install/tf_examples:/home/tom/ros2_ws/install/talker_listener:/home/tom/ros2_ws/install/puzzlebot_sim:/home/tom/ros2_ws/install/mobile_robotics:/home/tom/ros2_ws/install/mch1_beta:/home/tom/ros2_ws/install/markers:/home/tom/ros2_ws/install/joints_act:/opt/ros/humble /usr/bin/cmake --build /home/tom/puzzlebot_ws/build/puzzlebot_description -- -j16 -l16
[0.462s] DEBUG:colcon.colcon_core.event_handler.log_command:Invoking command in '/home/tom/puzzlebot_ws/build/puzzlebot_description': CMAKE_PREFIX_PATH=${CMAKE_PREFIX_PATH}:/home/tom/ros2_ws/install/tf_examples:/home/tom/ros2_ws/install/talker_listener:/home/tom/ros2_ws/install/puzzlebot_sim:/home/tom/ros2_ws/install/mobile_robotics:/home/tom/ros2_ws/install/mch1_beta:/home/tom/ros2_ws/install/markers:/home/tom/ros2_ws/install/joints_act:/opt/ros/humble /usr/bin/cmake --install /home/tom/puzzlebot_ws/build/puzzlebot_description
[0.475s] Level 1:colcon.colcon_core.environment:create_environment_scripts_only(puzzlebot_description)
[0.475s] DEBUG:colcon.colcon_core.event_handler.log_command:Invoked command in '/home/tom/puzzlebot_ws/build/puzzlebot_description' returned '0': CMAKE_PREFIX_PATH=${CMAKE_PREFIX_PATH}:/home/tom/ros2_ws/install/tf_examples:/home/tom/ros2_ws/install/talker_listener:/home/tom/ros2_ws/install/puzzlebot_sim:/home/tom/ros2_ws/install/mobile_robotics:/home/tom/ros2_ws/install/mch1_beta:/home/tom/ros2_ws/install/markers:/home/tom/ros2_ws/install/joints_act:/opt/ros/humble /usr/bin/cmake --install /home/tom/puzzlebot_ws/build/puzzlebot_description
[0.476s] Level 1:colcon.colcon_core.environment:checking '/home/tom/puzzlebot_ws/install/puzzlebot_description' for CMake module files
[0.477s] Level 1:colcon.colcon_core.environment:checking '/home/tom/puzzlebot_ws/install/puzzlebot_description' for CMake config files
[0.477s] Level 1:colcon.colcon_core.shell:create_environment_hook('puzzlebot_description', 'cmake_prefix_path')
[0.478s] INFO:colcon.colcon_core.shell:Creating environment hook '/home/tom/puzzlebot_ws/install/puzzlebot_description/share/puzzlebot_description/hook/cmake_prefix_path.ps1'
[0.479s] INFO:colcon.colcon_core.shell:Creating environment descriptor '/home/tom/puzzlebot_ws/install/puzzlebot_description/share/puzzlebot_description/hook/cmake_prefix_path.dsv'
[0.479s] INFO:colcon.colcon_core.shell:Creating environment hook '/home/tom/puzzlebot_ws/install/puzzlebot_description/share/puzzlebot_description/hook/cmake_prefix_path.sh'
[0.481s] Level 1:colcon.colcon_core.environment:checking '/home/tom/puzzlebot_ws/install/puzzlebot_description/bin'
[0.481s] Level 1:colcon.colcon_core.environment:checking '/home/tom/puzzlebot_ws/install/puzzlebot_description/lib/pkgconfig/puzzlebot_description.pc'
[0.481s] Level 1:colcon.colcon_core.environment:checking '/home/tom/puzzlebot_ws/install/puzzlebot_description/lib/python3.10/site-packages'
[0.482s] Level 1:colcon.colcon_core.environment:checking '/home/tom/puzzlebot_ws/install/puzzlebot_description/bin'
[0.482s] INFO:colcon.colcon_core.shell:Creating package script '/home/tom/puzzlebot_ws/install/puzzlebot_description/share/puzzlebot_description/package.ps1'
[0.483s] INFO:colcon.colcon_core.shell:Creating package descriptor '/home/tom/puzzlebot_ws/install/puzzlebot_description/share/puzzlebot_description/package.dsv'
[0.483s] INFO:colcon.colcon_core.shell:Creating package script '/home/tom/puzzlebot_ws/install/puzzlebot_description/share/puzzlebot_description/package.sh'
[0.484s] INFO:colcon.colcon_core.shell:Creating package script '/home/tom/puzzlebot_ws/install/puzzlebot_description/share/puzzlebot_description/package.bash'
[0.484s] INFO:colcon.colcon_core.shell:Creating package script '/home/tom/puzzlebot_ws/install/puzzlebot_description/share/puzzlebot_description/package.zsh'
[0.485s] Level 1:colcon.colcon_core.environment:create_file_with_runtime_dependencies(/home/tom/puzzlebot_ws/install/puzzlebot_description/share/colcon-core/packages/puzzlebot_description)
[0.485s] Level 1:colcon.colcon_core.environment:create_environment_scripts_only(puzzlebot_description)
[0.486s] Level 1:colcon.colcon_core.environment:checking '/home/tom/puzzlebot_ws/install/puzzlebot_description' for CMake module files
[0.486s] Level 1:colcon.colcon_core.environment:checking '/home/tom/puzzlebot_ws/install/puzzlebot_description' for CMake config files
[0.486s] Level 1:colcon.colcon_core.shell:create_environment_hook('puzzlebot_description', 'cmake_prefix_path')
[0.487s] INFO:colcon.colcon_core.shell:Creating environment hook '/home/tom/puzzlebot_ws/install/puzzlebot_description/share/puzzlebot_description/hook/cmake_prefix_path.ps1'
[0.487s] INFO:colcon.colcon_core.shell:Creating environment descriptor '/home/tom/puzzlebot_ws/install/puzzlebot_description/share/puzzlebot_description/hook/cmake_prefix_path.dsv'
[0.487s] INFO:colcon.colcon_core.shell:Creating environment hook '/home/tom/puzzlebot_ws/install/puzzlebot_description/share/puzzlebot_description/hook/cmake_prefix_path.sh'
[0.488s] Level 1:colcon.colcon_core.environment:checking '/home/tom/puzzlebot_ws/install/puzzlebot_description/bin'
[0.488s] Level 1:colcon.colcon_core.environment:checking '/home/tom/puzzlebot_ws/install/puzzlebot_description/lib/pkgconfig/puzzlebot_description.pc'
[0.488s] Level 1:colcon.colcon_core.environment:checking '/home/tom/puzzlebot_ws/install/puzzlebot_description/lib/python3.10/site-packages'
[0.489s] Level 1:colcon.colcon_core.environment:checking '/home/tom/puzzlebot_ws/install/puzzlebot_description/bin'
[0.489s] INFO:colcon.colcon_core.shell:Creating package script '/home/tom/puzzlebot_ws/install/puzzlebot_description/share/puzzlebot_description/package.ps1'
[0.490s] INFO:colcon.colcon_core.shell:Creating package descriptor '/home/tom/puzzlebot_ws/install/puzzlebot_description/share/puzzlebot_description/package.dsv'
[0.490s] INFO:colcon.colcon_core.shell:Creating package script '/home/tom/puzzlebot_ws/install/puzzlebot_description/share/puzzlebot_description/package.sh'
[0.490s] INFO:colcon.colcon_core.shell:Creating package script '/home/tom/puzzlebot_ws/install/puzzlebot_description/share/puzzlebot_description/package.bash'
[0.491s] INFO:colcon.colcon_core.shell:Creating package script '/home/tom/puzzlebot_ws/install/puzzlebot_description/share/puzzlebot_description/package.zsh'
[0.491s] Level 1:colcon.colcon_core.environment:create_file_with_runtime_dependencies(/home/tom/puzzlebot_ws/install/puzzlebot_description/share/colcon-core/packages/puzzlebot_description)
[0.491s] INFO:colcon.colcon_ros.task.ament_cmake.build:Building ROS package in '/home/tom/puzzlebot_ws/src/puzzlebot_ros2/puzzlebot_gazebo' with build type 'ament_cmake'
[0.491s] INFO:colcon.colcon_cmake.task.cmake.build:Building CMake package in '/home/tom/puzzlebot_ws/src/puzzlebot_ros2/puzzlebot_gazebo'
[0.492s] INFO:colcon.colcon_core.shell:Skip shell extension 'powershell' for command environment: Not usable outside of PowerShell
[0.492s] DEBUG:colcon.colcon_core.shell:Skip shell extension 'dsv' for command environment
[0.498s] DEBUG:colcon.colcon_core.event_handler.log_command:Invoking command in '/home/tom/puzzlebot_ws/build/puzzlebot_gazebo': CMAKE_PREFIX_PATH=/home/tom/puzzlebot_ws/install/puzzlebot_description:/home/tom/puzzlebot_ws/install/puzzlebot_navigation2:/home/tom/ros2_ws/install/tf_examples:/home/tom/ros2_ws/install/talker_listener:/home/tom/ros2_ws/install/puzzlebot_sim:/home/tom/ros2_ws/install/mobile_robotics:/home/tom/ros2_ws/install/mch1_beta:/home/tom/ros2_ws/install/markers:/home/tom/ros2_ws/install/joints_act:/opt/ros/humble /usr/bin/cmake /home/tom/puzzlebot_ws/src/puzzlebot_ros2/puzzlebot_gazebo -DCMAKE_INSTALL_PREFIX=/home/tom/puzzlebot_ws/install/puzzlebot_gazebo
[1.113s] DEBUG:colcon.colcon_core.event_handler.log_command:Invoked command in '/home/tom/puzzlebot_ws/build/puzzlebot_gazebo' returned '0': CMAKE_PREFIX_PATH=/home/tom/puzzlebot_ws/install/puzzlebot_description:/home/tom/puzzlebot_ws/install/puzzlebot_navigation2:/home/tom/ros2_ws/install/tf_examples:/home/tom/ros2_ws/install/talker_listener:/home/tom/ros2_ws/install/puzzlebot_sim:/home/tom/ros2_ws/install/mobile_robotics:/home/tom/ros2_ws/install/mch1_beta:/home/tom/ros2_ws/install/markers:/home/tom/ros2_ws/install/joints_act:/opt/ros/humble /usr/bin/cmake /home/tom/puzzlebot_ws/src/puzzlebot_ros2/puzzlebot_gazebo -DCMAKE_INSTALL_PREFIX=/home/tom/puzzlebot_ws/install/puzzlebot_gazebo
[1.114s] DEBUG:colcon.colcon_core.event_handler.log_command:Invoking command in '/home/tom/puzzlebot_ws/build/puzzlebot_gazebo': CMAKE_PREFIX_PATH=/home/tom/puzzlebot_ws/install/puzzlebot_description:/home/tom/puzzlebot_ws/install/puzzlebot_navigation2:/home/tom/ros2_ws/install/tf_examples:/home/tom/ros2_ws/install/talker_listener:/home/tom/ros2_ws/install/puzzlebot_sim:/home/tom/ros2_ws/install/mobile_robotics:/home/tom/ros2_ws/install/mch1_beta:/home/tom/ros2_ws/install/markers:/home/tom/ros2_ws/install/joints_act:/opt/ros/humble /usr/bin/cmake --build /home/tom/puzzlebot_ws/build/puzzlebot_gazebo -- -j16 -l16
[1.161s] DEBUG:colcon.colcon_core.event_handler.log_command:Invoked command in '/home/tom/puzzlebot_ws/build/puzzlebot_gazebo' returned '0': CMAKE_PREFIX_PATH=/home/tom/puzzlebot_ws/install/puzzlebot_description:/home/tom/puzzlebot_ws/install/puzzlebot_navigation2:/home/tom/ros2_ws/install/tf_examples:/home/tom/ros2_ws/install/talker_listener:/home/tom/ros2_ws/install/puzzlebot_sim:/home/tom/ros2_ws/install/mobile_robotics:/home/tom/ros2_ws/install/mch1_beta:/home/tom/ros2_ws/install/markers:/home/tom/ros2_ws/install/joints_act:/opt/ros/humble /usr/bin/cmake --build /home/tom/puzzlebot_ws/build/puzzlebot_gazebo -- -j16 -l16
[1.163s] DEBUG:colcon.colcon_core.event_handler.log_command:Invoking command in '/home/tom/puzzlebot_ws/build/puzzlebot_gazebo': CMAKE_PREFIX_PATH=/home/tom/puzzlebot_ws/install/puzzlebot_description:/home/tom/puzzlebot_ws/install/puzzlebot_navigation2:/home/tom/ros2_ws/install/tf_examples:/home/tom/ros2_ws/install/talker_listener:/home/tom/ros2_ws/install/puzzlebot_sim:/home/tom/ros2_ws/install/mobile_robotics:/home/tom/ros2_ws/install/mch1_beta:/home/tom/ros2_ws/install/markers:/home/tom/ros2_ws/install/joints_act:/opt/ros/humble /usr/bin/cmake --install /home/tom/puzzlebot_ws/build/puzzlebot_gazebo
[1.176s] Level 1:colcon.colcon_core.environment:create_environment_scripts_only(puzzlebot_gazebo)
[1.177s] DEBUG:colcon.colcon_core.event_handler.log_command:Invoked command in '/home/tom/puzzlebot_ws/build/puzzlebot_gazebo' returned '0': CMAKE_PREFIX_PATH=/home/tom/puzzlebot_ws/install/puzzlebot_description:/home/tom/puzzlebot_ws/install/puzzlebot_navigation2:/home/tom/ros2_ws/install/tf_examples:/home/tom/ros2_ws/install/talker_listener:/home/tom/ros2_ws/install/puzzlebot_sim:/home/tom/ros2_ws/install/mobile_robotics:/home/tom/ros2_ws/install/mch1_beta:/home/tom/ros2_ws/install/markers:/home/tom/ros2_ws/install/joints_act:/opt/ros/humble /usr/bin/cmake --install /home/tom/puzzlebot_ws/build/puzzlebot_gazebo
[1.177s] Level 1:colcon.colcon_core.environment:checking '/home/tom/puzzlebot_ws/install/puzzlebot_gazebo' for CMake module files
[1.178s] Level 1:colcon.colcon_core.environment:checking '/home/tom/puzzlebot_ws/install/puzzlebot_gazebo' for CMake config files
[1.178s] Level 1:colcon.colcon_core.shell:create_environment_hook('puzzlebot_gazebo', 'cmake_prefix_path')
[1.178s] INFO:colcon.colcon_core.shell:Creating environment hook '/home/tom/puzzlebot_ws/install/puzzlebot_gazebo/share/puzzlebot_gazebo/hook/cmake_prefix_path.ps1'
[1.179s] INFO:colcon.colcon_core.shell:Creating environment descriptor '/home/tom/puzzlebot_ws/install/puzzlebot_gazebo/share/puzzlebot_gazebo/hook/cmake_prefix_path.dsv'
[1.179s] INFO:colcon.colcon_core.shell:Creating environment hook '/home/tom/puzzlebot_ws/install/puzzlebot_gazebo/share/puzzlebot_gazebo/hook/cmake_prefix_path.sh'
[1.179s] Level 1:colcon.colcon_core.environment:checking '/home/tom/puzzlebot_ws/install/puzzlebot_gazebo/bin'
[1.180s] Level 1:colcon.colcon_core.environment:checking '/home/tom/puzzlebot_ws/install/puzzlebot_gazebo/lib/pkgconfig/puzzlebot_gazebo.pc'
[1.180s] Level 1:colcon.colcon_core.environment:checking '/home/tom/puzzlebot_ws/install/puzzlebot_gazebo/lib/python3.10/site-packages'
[1.180s] Level 1:colcon.colcon_core.environment:checking '/home/tom/puzzlebot_ws/install/puzzlebot_gazebo/bin'
[1.181s] INFO:colcon.colcon_core.shell:Creating package script '/home/tom/puzzlebot_ws/install/puzzlebot_gazebo/share/puzzlebot_gazebo/package.ps1'
[1.181s] INFO:colcon.colcon_core.shell:Creating package descriptor '/home/tom/puzzlebot_ws/install/puzzlebot_gazebo/share/puzzlebot_gazebo/package.dsv'
[1.182s] INFO:colcon.colcon_core.shell:Creating package script '/home/tom/puzzlebot_ws/install/puzzlebot_gazebo/share/puzzlebot_gazebo/package.sh'
[1.182s] INFO:colcon.colcon_core.shell:Creating package script '/home/tom/puzzlebot_ws/install/puzzlebot_gazebo/share/puzzlebot_gazebo/package.bash'
[1.183s] INFO:colcon.colcon_core.shell:Creating package script '/home/tom/puzzlebot_ws/install/puzzlebot_gazebo/share/puzzlebot_gazebo/package.zsh'
[1.184s] Level 1:colcon.colcon_core.environment:create_file_with_runtime_dependencies(/home/tom/puzzlebot_ws/install/puzzlebot_gazebo/share/colcon-core/packages/puzzlebot_gazebo)
[1.184s] Level 1:colcon.colcon_core.environment:create_environment_scripts_only(puzzlebot_gazebo)
[1.185s] Level 1:colcon.colcon_core.environment:checking '/home/tom/puzzlebot_ws/install/puzzlebot_gazebo' for CMake module files
[1.185s] Level 1:colcon.colcon_core.environment:checking '/home/tom/puzzlebot_ws/install/puzzlebot_gazebo' for CMake config files
[1.185s] Level 1:colcon.colcon_core.shell:create_environment_hook('puzzlebot_gazebo', 'cmake_prefix_path')
[1.186s] INFO:colcon.colcon_core.shell:Creating environment hook '/home/tom/puzzlebot_ws/install/puzzlebot_gazebo/share/puzzlebot_gazebo/hook/cmake_prefix_path.ps1'
[1.186s] INFO:colcon.colcon_core.shell:Creating environment descriptor '/home/tom/puzzlebot_ws/install/puzzlebot_gazebo/share/puzzlebot_gazebo/hook/cmake_prefix_path.dsv'
[1.187s] INFO:colcon.colcon_core.shell:Creating environment hook '/home/tom/puzzlebot_ws/install/puzzlebot_gazebo/share/puzzlebot_gazebo/hook/cmake_prefix_path.sh'
[1.187s] Level 1:colcon.colcon_core.environment:checking '/home/tom/puzzlebot_ws/install/puzzlebot_gazebo/bin'
[1.188s] Level 1:colcon.colcon_core.environment:checking '/home/tom/puzzlebot_ws/install/puzzlebot_gazebo/lib/pkgconfig/puzzlebot_gazebo.pc'
[1.188s] Level 1:colcon.colcon_core.environment:checking '/home/tom/puzzlebot_ws/install/puzzlebot_gazebo/lib/python3.10/site-packages'
[1.188s] Level 1:colcon.colcon_core.environment:checking '/home/tom/puzzlebot_ws/install/puzzlebot_gazebo/bin'
[1.189s] INFO:colcon.colcon_core.shell:Creating package script '/home/tom/puzzlebot_ws/install/puzzlebot_gazebo/share/puzzlebot_gazebo/package.ps1'
[1.190s] INFO:colcon.colcon_core.shell:Creating package descriptor '/home/tom/puzzlebot_ws/install/puzzlebot_gazebo/share/puzzlebot_gazebo/package.dsv'
[1.190s] INFO:colcon.colcon_core.shell:Creating package script '/home/tom/puzzlebot_ws/install/puzzlebot_gazebo/share/puzzlebot_gazebo/package.sh'
[1.191s] INFO:colcon.colcon_core.shell:Creating package script '/home/tom/puzzlebot_ws/install/puzzlebot_gazebo/share/puzzlebot_gazebo/package.bash'
[1.191s] INFO:colcon.colcon_core.shell:Creating package script '/home/tom/puzzlebot_ws/install/puzzlebot_gazebo/share/puzzlebot_gazebo/package.zsh'
[1.192s] Level 1:colcon.colcon_core.environment:create_file_with_runtime_dependencies(/home/tom/puzzlebot_ws/install/puzzlebot_gazebo/share/colcon-core/packages/puzzlebot_gazebo)
[1.192s] DEBUG:colcon.colcon_parallel_executor.executor.parallel:closing loop
[1.192s] DEBUG:colcon.colcon_parallel_executor.executor.parallel:loop closed
[1.192s] DEBUG:colcon.colcon_parallel_executor.executor.parallel:run_until_complete finished with '0'
[1.193s] DEBUG:colcon.colcon_core.event_reactor:joining thread
[1.198s] INFO:colcon.colcon_core.plugin_system:Skipping extension 'colcon_notification.desktop_notification.terminal_notifier': Not used on non-Darwin systems
[1.198s] INFO:colcon.colcon_core.plugin_system:Skipping extension 'colcon_notification.desktop_notification.win32': Not used on non-Windows systems
[1.198s] INFO:colcon.colcon_notification.desktop_notification:Sending desktop notification using 'notify2'
[1.221s] DEBUG:colcon.colcon_core.event_reactor:joined thread
[1.222s] INFO:colcon.colcon_core.shell:Creating prefix script '/home/tom/puzzlebot_ws/install/local_setup.ps1'
[1.223s] INFO:colcon.colcon_core.shell:Creating prefix util module '/home/tom/puzzlebot_ws/install/_local_setup_util_ps1.py'
[1.225s] INFO:colcon.colcon_core.shell:Creating prefix chain script '/home/tom/puzzlebot_ws/install/setup.ps1'
[1.227s] INFO:colcon.colcon_core.shell:Creating prefix script '/home/tom/puzzlebot_ws/install/local_setup.sh'
[1.228s] INFO:colcon.colcon_core.shell:Creating prefix util module '/home/tom/puzzlebot_ws/install/_local_setup_util_sh.py'
[1.228s] INFO:colcon.colcon_core.shell:Creating prefix chain script '/home/tom/puzzlebot_ws/install/setup.sh'
[1.230s] INFO:colcon.colcon_core.shell:Creating prefix script '/home/tom/puzzlebot_ws/install/local_setup.bash'
[1.230s] INFO:colcon.colcon_core.shell:Creating prefix chain script '/home/tom/puzzlebot_ws/install/setup.bash'
[1.231s] INFO:colcon.colcon_core.shell:Creating prefix script '/home/tom/puzzlebot_ws/install/local_setup.zsh'
[1.231s] INFO:colcon.colcon_core.shell:Creating prefix chain script '/home/tom/puzzlebot_ws/install/setup.zsh'
