[0.012s] Invoking command in '/home/tom/puzzlebot_ws/build/puzzlebot_description': CMAKE_PREFIX_PATH=/home/tom/ros2_ws/install/tf_examples:/home/tom/ros2_ws/install/talker_listener:/home/tom/ros2_ws/install/puzzlebot_sim:/home/tom/ros2_ws/install/mobile_robotics:/home/tom/ros2_ws/install/mch1_beta:/home/tom/ros2_ws/install/markers:/home/tom/ros2_ws/install/joints_act:/opt/ros/humble /usr/bin/cmake /home/tom/puzzlebot_ws/src/puzzlebot_ros2/puzzlebot_description -DCMAKE_INSTALL_PREFIX=/home/tom/puzzlebot_ws/install/puzzlebot_description
[0.120s] -- The C compiler identification is GNU 11.4.0
[0.196s] -- The CXX compiler identification is GNU 11.4.0
[0.203s] -- Detecting C compiler ABI info
[0.270s] -- Detecting C compiler ABI info - done
[0.277s] -- Check for working C compiler: /usr/bin/cc - skipped
[0.277s] -- Detecting C compile features
[0.277s] -- Detecting C compile features - done
[0.280s] -- Detecting CXX compiler ABI info
[0.347s] -- Detecting CXX compiler ABI info - done
[0.352s] -- Check for working CXX compiler: /usr/bin/c++ - skipped
[0.352s] -- Detecting CXX compile features
[0.353s] -- Detecting CXX compile features - done
[0.357s] -- Found ament_cmake: 1.3.14 (/opt/ros/humble/share/ament_cmake/cmake)
[0.484s] -- Found Python3: /usr/bin/python3 (found version "3.10.12") found components: Interpreter 
[0.621s] -- Configuring done
[0.625s] -- Generating done
[0.626s] -- Build files have been written to: /home/tom/puzzlebot_ws/build/puzzlebot_description
[0.628s] Invoked command in '/home/tom/puzzlebot_ws/build/puzzlebot_description' returned '0': CMAKE_PREFIX_PATH=/home/tom/ros2_ws/install/tf_examples:/home/tom/ros2_ws/install/talker_listener:/home/tom/ros2_ws/install/puzzlebot_sim:/home/tom/ros2_ws/install/mobile_robotics:/home/tom/ros2_ws/install/mch1_beta:/home/tom/ros2_ws/install/markers:/home/tom/ros2_ws/install/joints_act:/opt/ros/humble /usr/bin/cmake /home/tom/puzzlebot_ws/src/puzzlebot_ros2/puzzlebot_description -DCMAKE_INSTALL_PREFIX=/home/tom/puzzlebot_ws/install/puzzlebot_description
[0.630s] Invoking command in '/home/tom/puzzlebot_ws/build/puzzlebot_description': CMAKE_PREFIX_PATH=/home/tom/ros2_ws/install/tf_examples:/home/tom/ros2_ws/install/talker_listener:/home/tom/ros2_ws/install/puzzlebot_sim:/home/tom/ros2_ws/install/mobile_robotics:/home/tom/ros2_ws/install/mch1_beta:/home/tom/ros2_ws/install/markers:/home/tom/ros2_ws/install/joints_act:/opt/ros/humble /usr/bin/cmake --build /home/tom/puzzlebot_ws/build/puzzlebot_description -- -j16 -l16
[0.666s] Invoked command in '/home/tom/puzzlebot_ws/build/puzzlebot_description' returned '0': CMAKE_PREFIX_PATH=/home/tom/ros2_ws/install/tf_examples:/home/tom/ros2_ws/install/talker_listener:/home/tom/ros2_ws/install/puzzlebot_sim:/home/tom/ros2_ws/install/mobile_robotics:/home/tom/ros2_ws/install/mch1_beta:/home/tom/ros2_ws/install/markers:/home/tom/ros2_ws/install/joints_act:/opt/ros/humble /usr/bin/cmake --build /home/tom/puzzlebot_ws/build/puzzlebot_description -- -j16 -l16
[0.668s] Invoking command in '/home/tom/puzzlebot_ws/build/puzzlebot_description': CMAKE_PREFIX_PATH=/home/tom/ros2_ws/install/tf_examples:/home/tom/ros2_ws/install/talker_listener:/home/tom/ros2_ws/install/puzzlebot_sim:/home/tom/ros2_ws/install/mobile_robotics:/home/tom/ros2_ws/install/mch1_beta:/home/tom/ros2_ws/install/markers:/home/tom/ros2_ws/install/joints_act:/opt/ros/humble /usr/bin/cmake --install /home/tom/puzzlebot_ws/build/puzzlebot_description
[0.674s] -- Install configuration: ""
[0.675s] -- Installing: /home/tom/puzzlebot_ws/install/puzzlebot_description/share/puzzlebot_description/urdf
[0.675s] -- Installing: /home/tom/puzzlebot_ws/install/puzzlebot_description/share/puzzlebot_description/urdf/sensors.xacro
[0.675s] -- Installing: /home/tom/puzzlebot_ws/install/puzzlebot_description/share/puzzlebot_description/urdf/joints.xacro
[0.675s] -- Installing: /home/tom/puzzlebot_ws/install/puzzlebot_description/share/puzzlebot_description/urdf/puzzlebot.urdf.xacro
[0.675s] -- Installing: /home/tom/puzzlebot_ws/install/puzzlebot_description/share/puzzlebot_description/urdf/control.xacro
[0.675s] -- Installing: /home/tom/puzzlebot_ws/install/puzzlebot_description/share/puzzlebot_description/urdf/base.xacro
[0.675s] -- Installing: /home/tom/puzzlebot_ws/install/puzzlebot_description/share/puzzlebot_description/urdf/wheels.xacro
[0.675s] -- Installing: /home/tom/puzzlebot_ws/install/puzzlebot_description/share/puzzlebot_description/rviz
[0.675s] -- Installing: /home/tom/puzzlebot_ws/install/puzzlebot_description/share/puzzlebot_description/meshes
[0.675s] -- Installing: /home/tom/puzzlebot_ws/install/puzzlebot_description/share/puzzlebot_description/meshes/base
[0.675s] -- Installing: /home/tom/puzzlebot_ws/install/puzzlebot_description/share/puzzlebot_description/meshes/base/Puzzlebot_Jetson_Lidar_Edition_Base.stl
[0.675s] -- Installing: /home/tom/puzzlebot_ws/install/puzzlebot_description/share/puzzlebot_description/meshes/sensors
[0.676s] -- Installing: /home/tom/puzzlebot_ws/install/puzzlebot_description/share/puzzlebot_description/meshes/wheels
[0.676s] -- Installing: /home/tom/puzzlebot_ws/install/puzzlebot_description/share/puzzlebot_description/meshes/wheels/Puzzlebot_Caster_Wheel.stl
[0.676s] -- Installing: /home/tom/puzzlebot_ws/install/puzzlebot_description/share/puzzlebot_description/meshes/wheels/Puzzlebot_Wheel.stl
[0.676s] -- Installing: /home/tom/puzzlebot_ws/install/puzzlebot_description/share/puzzlebot_description/meshes/misc
[0.676s] -- Installing: /home/tom/puzzlebot_ws/install/puzzlebot_description/share/puzzlebot_description/launch
[0.676s] -- Installing: /home/tom/puzzlebot_ws/install/puzzlebot_description/share/puzzlebot_description/launch/puzzlebot_description.launch.xml
[0.676s] -- Installing: /home/tom/puzzlebot_ws/install/puzzlebot_description/share/ament_index/resource_index/package_run_dependencies/puzzlebot_description
[0.676s] -- Installing: /home/tom/puzzlebot_ws/install/puzzlebot_description/share/ament_index/resource_index/parent_prefix_path/puzzlebot_description
[0.676s] -- Installing: /home/tom/puzzlebot_ws/install/puzzlebot_description/share/puzzlebot_description/environment/ament_prefix_path.sh
[0.676s] -- Installing: /home/tom/puzzlebot_ws/install/puzzlebot_description/share/puzzlebot_description/environment/ament_prefix_path.dsv
[0.676s] -- Installing: /home/tom/puzzlebot_ws/install/puzzlebot_description/share/puzzlebot_description/environment/path.sh
[0.676s] -- Installing: /home/tom/puzzlebot_ws/install/puzzlebot_description/share/puzzlebot_description/environment/path.dsv
[0.677s] -- Installing: /home/tom/puzzlebot_ws/install/puzzlebot_description/share/puzzlebot_description/local_setup.bash
[0.677s] -- Installing: /home/tom/puzzlebot_ws/install/puzzlebot_description/share/puzzlebot_description/local_setup.sh
[0.677s] -- Installing: /home/tom/puzzlebot_ws/install/puzzlebot_description/share/puzzlebot_description/local_setup.zsh
[0.677s] -- Installing: /home/tom/puzzlebot_ws/install/puzzlebot_description/share/puzzlebot_description/local_setup.dsv
[0.677s] -- Installing: /home/tom/puzzlebot_ws/install/puzzlebot_description/share/puzzlebot_description/package.dsv
[0.677s] -- Installing: /home/tom/puzzlebot_ws/install/puzzlebot_description/share/ament_index/resource_index/packages/puzzlebot_description
[0.677s] -- Installing: /home/tom/puzzlebot_ws/install/puzzlebot_description/share/puzzlebot_description/cmake/puzzlebot_descriptionConfig.cmake
[0.677s] -- Installing: /home/tom/puzzlebot_ws/install/puzzlebot_description/share/puzzlebot_description/cmake/puzzlebot_descriptionConfig-version.cmake
[0.677s] -- Installing: /home/tom/puzzlebot_ws/install/puzzlebot_description/share/puzzlebot_description/package.xml
